This is XeTeX, Version 3.141592653-2.6-0.999995 (TeX Live 2023) (preloaded format=xelatex 2023.11.3)  3 NOV 2023 11:58
entering extended mode
 restricted \write18 enabled.
 %&-line parsing enabled.
**index.tex
(./index.tex
LaTeX2e <2023-11-01>
L3 programming layer <2023-11-01>
(/Users/silas/Library/TinyTeX/texmf-dist/tex/latex/koma-script/scrreprt.cls
Document Class: scrreprt 2023/07/07 v3.41 KOMA-Script document class (report)
(/Users/silas/Library/TinyTeX/texmf-dist/tex/latex/koma-script/scrkbase.sty
Package: scrkbase 2023/07/07 v3.41 KOMA-Script package (KOMA-Script-dependent basics and keyval usage)
(/Users/silas/Library/TinyTeX/texmf-dist/tex/latex/koma-script/scrbase.sty
Package: scrbase 2023/07/07 v3.41 KOMA-Script package (KOMA-Script-independent basics and keyval usage)
(/Users/silas/Library/TinyTeX/texmf-dist/tex/latex/koma-script/scrlfile.sty
Package: scrlfile 2023/07/07 v3.41 KOMA-Script package (file load hooks)
(/Users/silas/Library/TinyTeX/texmf-dist/tex/latex/koma-script/scrlfile-hook.sty
Package: scrlfile-hook 2023/07/07 v3.41 KOMA-Script package (using LaTeX hooks)
(/Users/silas/Library/TinyTeX/texmf-dist/tex/latex/koma-script/scrlogo.sty
Package: scrlogo 2023/07/07 v3.41 KOMA-Script package (logo)
))) (/Users/silas/Library/TinyTeX/texmf-dist/tex/latex/graphics/keyval.sty
Package: keyval 2022/05/29 v1.15 key=value parser (DPC)
\KV@toks@=\toks17
)
Applying: [2021/05/01] Usage of raw or classic option list on input line 252.
Already applied: [0000/00/00] Usage of raw or classic option list on input line 368.
)) (/Users/silas/Library/TinyTeX/texmf-dist/tex/latex/koma-script/tocbasic.sty
Package: tocbasic 2023/07/07 v3.41 KOMA-Script package (handling toc-files)
\scr@dte@tocline@numberwidth=\skip48
\scr@dte@tocline@numbox=\box51
)
Package tocbasic Info: omitting babel extension for `toc'
(tocbasic)             because of feature `nobabel' available
(tocbasic)             for `toc' on input line 135.
Class scrreprt Info: You've used standard option `oneside'.
(scrreprt)           This is correct!
(scrreprt)           Internally I'm using `twoside=false'.
(scrreprt)           If you'd like to set the option with \KOMAoptions,
(scrreprt)           you'd have to use `twoside=false' there
(scrreprt)           instead of `oneside', too.
Class scrreprt Info: File `scrsize11pt.clo' used instead of
(scrreprt)           file `scrsize11.clo' to setup font sizes on input line 2688.
(/Users/silas/Library/TinyTeX/texmf-dist/tex/latex/koma-script/scrsize11pt.clo
File: scrsize11pt.clo 2023/07/07 v3.41 KOMA-Script font size class option (11pt)
) (/Users/silas/Library/TinyTeX/texmf-dist/tex/latex/koma-script/typearea.sty
Package: typearea 2023/07/07 v3.41 KOMA-Script package (type area)
\ta@bcor=\skip49
\ta@div=\count182
Package typearea Info: You've used standard option `letterpaper'.
(typearea)             This is correct!
(typearea)             Internally I'm using `paper=letter'.
(typearea)             If you'd like to set the option with \KOMAoptions,
(typearea)             you'd have to use `paper=letter' there
(typearea)             instead of `letterpaper', too.
Package typearea Info: You've used standard option `oneside'.
(typearea)             This is correct!
(typearea)             Internally I'm using `twoside=false'.
(typearea)             If you'd like to set the option with \KOMAoptions,
(typearea)             you'd have to use `twoside=false' there
(typearea)             instead of `oneside', too.
\ta@hblk=\skip50
\ta@vblk=\skip51
\ta@temp=\skip52
\footheight=\skip53
Package typearea Info: These are the values describing the layout:
(typearea)             DIV  = 11
(typearea)             BCOR = 0.0pt
(typearea)             \paperwidth      = 614.295pt
(typearea)              \textwidth      = 446.76004pt
(typearea)              DIV departure   = -14%
(typearea)              \evensidemargin = 11.49748pt
(typearea)              \oddsidemargin  = 11.49748pt
(typearea)             \paperheight     = 794.96999pt
(typearea)              \textheight     = 582.20026pt
(typearea)              \topmargin      = -37.40001pt
(typearea)              \headheight     = 17.0pt
(typearea)              \headsep        = 20.40001pt
(typearea)              \topskip        = 11.0pt
(typearea)              \footskip       = 47.6pt
(typearea)              \baselineskip   = 13.6pt
(typearea)              on input line 1799.
)
\c@part=\count183
\c@chapter=\count184
\c@section=\count185
\c@subsection=\count186
\c@subsubsection=\count187
\c@paragraph=\count188
\c@subparagraph=\count189
\scr@dte@chapter@maxnumwidth=\skip54
Class scrreprt Info: using compatibility default `afterindent=bysign'
(scrreprt)           for `\chapter on input line 5994.
\scr@dte@section@maxnumwidth=\skip55
Class scrreprt Info: using compatibility default `runin=bysign'
(scrreprt)           for `\section on input line 6005.
Class scrreprt Info: using compatibility default `afterindent=bysign'
(scrreprt)           for `\section on input line 6005.
\scr@dte@part@maxnumwidth=\skip56
Class scrreprt Info: using compatibility default `afterindent=true'
(scrreprt)           for `\part on input line 6014.
\scr@dte@subsection@maxnumwidth=\skip57
Class scrreprt Info: using compatibility default `runin=bysign'
(scrreprt)           for `\subsection on input line 6024.
Class scrreprt Info: using compatibility default `afterindent=bysign'
(scrreprt)           for `\subsection on input line 6024.
\scr@dte@subsubsection@maxnumwidth=\skip58
Class scrreprt Info: using compatibility default `runin=bysign'
(scrreprt)           for `\subsubsection on input line 6034.
Class scrreprt Info: using compatibility default `afterindent=bysign'
(scrreprt)           for `\subsubsection on input line 6034.
\scr@dte@paragraph@maxnumwidth=\skip59
Class scrreprt Info: using compatibility default `runin=bysign'
(scrreprt)           for `\paragraph on input line 6045.
Class scrreprt Info: using compatibility default `afterindent=bysign'
(scrreprt)           for `\paragraph on input line 6045.
\scr@dte@subparagraph@maxnumwidth=\skip60
Class scrreprt Info: using compatibility default `runin=bysign'
(scrreprt)           for `\subparagraph on input line 6055.
Class scrreprt Info: using compatibility default `afterindent=bysign'
(scrreprt)           for `\subparagraph on input line 6055.
\abovecaptionskip=\skip61
\belowcaptionskip=\skip62
\c@pti@nb@sid@b@x=\box52
Package tocbasic Info: omitting babel extension for `lof'
(tocbasic)             because of feature `nobabel' available
(tocbasic)             for `lof' on input line 7240.
\scr@dte@figure@maxnumwidth=\skip63
\c@figure=\count190
Package tocbasic Info: omitting babel extension for `lot'
(tocbasic)             because of feature `nobabel' available
(tocbasic)             for `lot' on input line 7257.
\scr@dte@table@maxnumwidth=\skip64
\c@table=\count191
Class scrreprt Info: Redefining `\numberline' on input line 7428.
\bibindent=\dimen140
) (/Users/silas/Library/TinyTeX/texmf-dist/tex/latex/amsmath/amsmath.sty
Package: amsmath 2023/05/13 v2.17o AMS math features
\@mathmargin=\skip65
For additional information on amsmath, use the `?' option.
(/Users/silas/Library/TinyTeX/texmf-dist/tex/latex/amsmath/amstext.sty
Package: amstext 2021/08/26 v2.01 AMS text
(/Users/silas/Library/TinyTeX/texmf-dist/tex/latex/amsmath/amsgen.sty
File: amsgen.sty 1999/11/30 v2.0 generic functions
\@emptytoks=\toks18
\ex@=\dimen141
)) (/Users/silas/Library/TinyTeX/texmf-dist/tex/latex/amsmath/amsbsy.sty
Package: amsbsy 1999/11/29 v1.2d Bold Symbols
\pmbraise@=\dimen142
) (/Users/silas/Library/TinyTeX/texmf-dist/tex/latex/amsmath/amsopn.sty
Package: amsopn 2022/04/08 v2.04 operator names
)
\inf@bad=\count192
LaTeX Info: Redefining \frac on input line 234.
\uproot@=\count193
\leftroot@=\count194
LaTeX Info: Redefining \overline on input line 399.
LaTeX Info: Redefining \colon on input line 410.
\classnum@=\count195
\DOTSCASE@=\count196
LaTeX Info: Redefining \ldots on input line 496.
LaTeX Info: Redefining \dots on input line 499.
LaTeX Info: Redefining \cdots on input line 620.
\Mathstrutbox@=\box53
\strutbox@=\box54
LaTeX Info: Redefining \big on input line 722.
LaTeX Info: Redefining \Big on input line 723.
LaTeX Info: Redefining \bigg on input line 724.
LaTeX Info: Redefining \Bigg on input line 725.
\big@size=\dimen143
LaTeX Font Info:    Redeclaring font encoding OML on input line 743.
LaTeX Font Info:    Redeclaring font encoding OMS on input line 744.
\macc@depth=\count197
LaTeX Info: Redefining \bmod on input line 905.
LaTeX Info: Redefining \pmod on input line 910.
LaTeX Info: Redefining \smash on input line 940.
LaTeX Info: Redefining \relbar on input line 970.
LaTeX Info: Redefining \Relbar on input line 971.
\c@MaxMatrixCols=\count198
\dotsspace@=\muskip16
\c@parentequation=\count199
\dspbrk@lvl=\count266
\tag@help=\toks19
\row@=\count267
\column@=\count268
\maxfields@=\count269
\andhelp@=\toks20
\eqnshift@=\dimen144
\alignsep@=\dimen145
\tagshift@=\dimen146
\tagwidth@=\dimen147
\totwidth@=\dimen148
\lineht@=\dimen149
\@envbody=\toks21
\multlinegap=\skip66
\multlinetaggap=\skip67
\mathdisplay@stack=\toks22
LaTeX Info: Redefining \[ on input line 2953.
LaTeX Info: Redefining \] on input line 2954.
) (/Users/silas/Library/TinyTeX/texmf-dist/tex/latex/amsfonts/amssymb.sty
Package: amssymb 2013/01/14 v3.01 AMS font symbols
(/Users/silas/Library/TinyTeX/texmf-dist/tex/latex/amsfonts/amsfonts.sty
Package: amsfonts 2013/01/14 v3.01 Basic AMSFonts support
\symAMSa=\mathgroup4
\symAMSb=\mathgroup5
LaTeX Font Info:    Redeclaring math symbol \hbar on input line 98.
LaTeX Font Info:    Overwriting math alphabet `\mathfrak' in version `bold'
(Font)                  U/euf/m/n --> U/euf/b/n on input line 106.
)) (/Users/silas/Library/TinyTeX/texmf-dist/tex/generic/iftex/iftex.sty
Package: iftex 2022/02/03 v1.0f TeX engine tests
) (/Users/silas/Library/TinyTeX/texmf-dist/tex/latex/unicode-math/unicode-math.sty (/Users/silas/Library/TinyTeX/texmf-dist/tex/latex/l3kernel/expl3.sty
Package: expl3 2023-11-01 L3 programming layer (loader) 
(/Users/silas/Library/TinyTeX/texmf-dist/tex/latex/l3backend/l3backend-xetex.def
File: l3backend-xetex.def 2023-10-23 L3 backend support: XeTeX
\g__graphics_track_int=\count270
\l__pdf_internal_box=\box55
\g__pdf_backend_object_int=\count271
\g__pdf_backend_annotation_int=\count272
\g__pdf_backend_link_int=\count273
))
Package: unicode-math 2023/08/13 v0.8r Unicode maths in XeLaTeX and LuaLaTeX
(/Users/silas/Library/TinyTeX/texmf-dist/tex/latex/unicode-math/unicode-math-xetex.sty
Package: unicode-math-xetex 2023/08/13 v0.8r Unicode maths in XeLaTeX and LuaLaTeX
(/Users/silas/Library/TinyTeX/texmf-dist/tex/latex/l3packages/xparse/xparse.sty
Package: xparse 2023-10-10 L3 Experimental document command parser
) (/Users/silas/Library/TinyTeX/texmf-dist/tex/latex/l3packages/l3keys2e/l3keys2e.sty
Package: l3keys2e 2023-10-10 LaTeX2e option processing using LaTeX3 keys
) (/Users/silas/Library/TinyTeX/texmf-dist/tex/latex/fontspec/fontspec.sty
Package: fontspec 2022/01/15 v2.8a Font selection for XeLaTeX and LuaLaTeX
(/Users/silas/Library/TinyTeX/texmf-dist/tex/latex/fontspec/fontspec-xetex.sty
Package: fontspec-xetex 2022/01/15 v2.8a Font selection for XeLaTeX and LuaLaTeX
\l__fontspec_script_int=\count274
\l__fontspec_language_int=\count275
\l__fontspec_strnum_int=\count276
\l__fontspec_tmp_int=\count277
\l__fontspec_tmpa_int=\count278
\l__fontspec_tmpb_int=\count279
\l__fontspec_tmpc_int=\count280
\l__fontspec_em_int=\count281
\l__fontspec_emdef_int=\count282
\l__fontspec_strong_int=\count283
\l__fontspec_strongdef_int=\count284
\l__fontspec_tmpa_dim=\dimen150
\l__fontspec_tmpb_dim=\dimen151
\l__fontspec_tmpc_dim=\dimen152
(/Users/silas/Library/TinyTeX/texmf-dist/tex/latex/base/fontenc.sty
Package: fontenc 2021/04/29 v2.0v Standard LaTeX package
) (/Users/silas/Library/TinyTeX/texmf-dist/tex/latex/fontspec/fontspec.cfg))) (/Users/silas/Library/TinyTeX/texmf-dist/tex/latex/base/fix-cm.sty
Package: fix-cm 2020/11/24 v1.1t fixes to LaTeX
(/Users/silas/Library/TinyTeX/texmf-dist/tex/latex/base/ts1enc.def
File: ts1enc.def 2001/06/05 v3.0e (jk/car/fm) Standard LaTeX file
LaTeX Font Info:    Redeclaring font encoding TS1 on input line 47.
))
\g__um_fam_int=\count285
\g__um_fonts_used_int=\count286
\l__um_primecount_int=\count287
\g__um_primekern_muskip=\muskip17
(/Users/silas/Library/TinyTeX/texmf-dist/tex/latex/unicode-math/unicode-math-table.tex))) (/Users/silas/Library/TinyTeX/texmf-dist/tex/latex/lm/lmodern.sty
Package: lmodern 2015/05/01 v1.6.1 Latin Modern Fonts
LaTeX Font Info:    Overwriting symbol font `operators' in version `normal'
(Font)                  OT1/cmr/m/n --> OT1/lmr/m/n on input line 22.
LaTeX Font Info:    Overwriting symbol font `letters' in version `normal'
(Font)                  OML/cmm/m/it --> OML/lmm/m/it on input line 23.
LaTeX Font Info:    Overwriting symbol font `symbols' in version `normal'
(Font)                  OMS/cmsy/m/n --> OMS/lmsy/m/n on input line 24.
LaTeX Font Info:    Overwriting symbol font `largesymbols' in version `normal'
(Font)                  OMX/cmex/m/n --> OMX/lmex/m/n on input line 25.
LaTeX Font Info:    Overwriting symbol font `operators' in version `bold'
(Font)                  OT1/cmr/bx/n --> OT1/lmr/bx/n on input line 26.
LaTeX Font Info:    Overwriting symbol font `letters' in version `bold'
(Font)                  OML/cmm/b/it --> OML/lmm/b/it on input line 27.
LaTeX Font Info:    Overwriting symbol font `symbols' in version `bold'
(Font)                  OMS/cmsy/b/n --> OMS/lmsy/b/n on input line 28.
LaTeX Font Info:    Overwriting symbol font `largesymbols' in version `bold'
(Font)                  OMX/cmex/m/n --> OMX/lmex/m/n on input line 29.
LaTeX Font Info:    Overwriting math alphabet `\mathbf' in version `normal'
(Font)                  OT1/cmr/bx/n --> OT1/lmr/bx/n on input line 31.
LaTeX Font Info:    Overwriting math alphabet `\mathsf' in version `normal'
(Font)                  OT1/cmss/m/n --> OT1/lmss/m/n on input line 32.
LaTeX Font Info:    Overwriting math alphabet `\mathit' in version `normal'
(Font)                  OT1/cmr/m/it --> OT1/lmr/m/it on input line 33.
LaTeX Font Info:    Overwriting math alphabet `\mathtt' in version `normal'
(Font)                  OT1/cmtt/m/n --> OT1/lmtt/m/n on input line 34.
LaTeX Font Info:    Overwriting math alphabet `\mathbf' in version `bold'
(Font)                  OT1/cmr/bx/n --> OT1/lmr/bx/n on input line 35.
LaTeX Font Info:    Overwriting math alphabet `\mathsf' in version `bold'
(Font)                  OT1/cmss/bx/n --> OT1/lmss/bx/n on input line 36.
LaTeX Font Info:    Overwriting math alphabet `\mathit' in version `bold'
(Font)                  OT1/cmr/bx/it --> OT1/lmr/bx/it on input line 37.
LaTeX Font Info:    Overwriting math alphabet `\mathtt' in version `bold'
(Font)                  OT1/cmtt/m/n --> OT1/lmtt/m/n on input line 38.
) (/Users/silas/Library/TinyTeX/texmf-dist/tex/latex/xcolor/xcolor.sty
Package: xcolor 2022/06/12 v2.14 LaTeX color extensions (UK)
(/Users/silas/Library/TinyTeX/texmf-dist/tex/latex/graphics-cfg/color.cfg
File: color.cfg 2016/01/02 v1.6 sample color configuration
)
Package xcolor Info: Driver file: xetex.def on input line 227.
(/Users/silas/Library/TinyTeX/texmf-dist/tex/latex/graphics-def/xetex.def
File: xetex.def 2022/09/22 v5.0n Graphics/color driver for xetex
) (/Users/silas/Library/TinyTeX/texmf-dist/tex/latex/graphics/mathcolor.ltx)
Package xcolor Info: Model `cmy' substituted by `cmy0' on input line 1353.
Package xcolor Info: Model `RGB' extended on input line 1369.
Package xcolor Info: Model `HTML' substituted by `rgb' on input line 1371.
Package xcolor Info: Model `Hsb' substituted by `hsb' on input line 1372.
Package xcolor Info: Model `tHsb' substituted by `hsb' on input line 1373.
Package xcolor Info: Model `HSB' substituted by `hsb' on input line 1374.
Package xcolor Info: Model `Gray' substituted by `gray' on input line 1375.
Package xcolor Info: Model `wave' substituted by `hsb' on input line 1376.
(/Users/silas/Library/TinyTeX/texmf-dist/tex/latex/graphics/dvipsnam.def
File: dvipsnam.def 2016/06/17 v3.0m Driver-dependent file (DPC,SPQR)
) (/Users/silas/Library/TinyTeX/texmf-dist/tex/latex/xcolor/svgnam.def
File: svgnam.def 2022/06/12 v2.14 Predefined colors according to SVG 1.1 (UK)
) (/Users/silas/Library/TinyTeX/texmf-dist/tex/latex/xcolor/x11nam.def
File: x11nam.def 2022/06/12 v2.14 Predefined colors according to Unix/X11 (UK)
)) (/Users/silas/Library/TinyTeX/texmf-dist/tex/latex/geometry/geometry.sty
Package: geometry 2020/01/02 v5.9 Page Geometry
(/Users/silas/Library/TinyTeX/texmf-dist/tex/generic/iftex/ifvtex.sty
Package: ifvtex 2019/10/25 v1.7 ifvtex legacy package. Use iftex instead.
)
\Gm@cnth=\count288
\Gm@cntv=\count289
\c@Gm@tempcnt=\count290
\Gm@bindingoffset=\dimen153
\Gm@wd@mp=\dimen154
\Gm@odd@mp=\dimen155
\Gm@even@mp=\dimen156
\Gm@layoutwidth=\dimen157
\Gm@layoutheight=\dimen158
\Gm@layouthoffset=\dimen159
\Gm@layoutvoffset=\dimen160
\Gm@dimlist=\toks23
) (/Users/silas/Library/TinyTeX/texmf-dist/tex/latex/fancyvrb/fancyvrb.sty
Package: fancyvrb 2023/01/19 4.5a verbatim text (tvz,hv)
\FV@CodeLineNo=\count291
\FV@InFile=\read2
\FV@TabBox=\box56
\c@FancyVerbLine=\count292
\FV@StepNumber=\count293
\FV@OutFile=\write3
) (/Users/silas/Library/TinyTeX/texmf-dist/tex/latex/framed/framed.sty
Package: framed 2011/10/22 v 0.96: framed or shaded text with page breaks
\OuterFrameSep=\skip68
\fb@frw=\dimen161
\fb@frh=\dimen162
\FrameRule=\dimen163
\FrameSep=\dimen164
) (/Users/silas/Library/TinyTeX/texmf-dist/tex/latex/tools/longtable.sty
Package: longtable 2023-11-01 v4.19 Multi-page Table package (DPC)
\LTleft=\skip69
\LTright=\skip70
\LTpre=\skip71
\LTpost=\skip72
\LTchunksize=\count294
\LTcapwidth=\dimen165
\LT@head=\box57
\LT@firsthead=\box58
\LT@foot=\box59
\LT@lastfoot=\box60
\LT@gbox=\box61
\LT@cols=\count295
\LT@rows=\count296
\c@LT@tables=\count297
\c@LT@chunks=\count298
\LT@p@ftn=\toks24
)
Class scrreprt Info: longtable captions redefined on input line 100.
(/Users/silas/Library/TinyTeX/texmf-dist/tex/latex/booktabs/booktabs.sty
Package: booktabs 2020/01/12 v1.61803398 Publication quality tables
\heavyrulewidth=\dimen166
\lightrulewidth=\dimen167
\cmidrulewidth=\dimen168
\belowrulesep=\dimen169
\belowbottomsep=\dimen170
\aboverulesep=\dimen171
\abovetopsep=\dimen172
\cmidrulesep=\dimen173
\cmidrulekern=\dimen174
\defaultaddspace=\dimen175
\@cmidla=\count299
\@cmidlb=\count300
\@aboverulesep=\dimen176
\@belowrulesep=\dimen177
\@thisruleclass=\count301
\@lastruleclass=\count302
\@thisrulewidth=\dimen178
) (/Users/silas/Library/TinyTeX/texmf-dist/tex/latex/tools/array.sty
Package: array 2023/10/16 v2.5g Tabular extension package (FMi)
\col@sep=\dimen179
\ar@mcellbox=\box62
\extrarowheight=\dimen180
\NC@list=\toks25
\extratabsurround=\skip73
\backup@length=\skip74
\ar@cellbox=\box63
) (/Users/silas/Library/TinyTeX/texmf-dist/tex/latex/tools/calc.sty
Package: calc 2023/07/08 v4.3 Infix arithmetic (KKT,FJ)
\calc@Acount=\count303
\calc@Bcount=\count304
\calc@Adimen=\dimen181
\calc@Bdimen=\dimen182
\calc@Askip=\skip75
\calc@Bskip=\skip76
LaTeX Info: Redefining \setlength on input line 80.
LaTeX Info: Redefining \addtolength on input line 81.
\calc@Ccount=\count305
\calc@Cskip=\skip77
) (/Users/silas/Library/TinyTeX/texmf-dist/tex/latex/etoolbox/etoolbox.sty
Package: etoolbox 2020/10/05 v2.5k e-TeX tools for LaTeX (JAW)
\etb@tempcnta=\count306
) (/Users/silas/Library/TinyTeX/texmf-dist/tex/latex/mdwtools/footnote.sty
Package: footnote 1997/01/28 1.13 Save footnotes around boxes
\fn@notes=\box64
\fn@width=\dimen183
) (/Users/silas/Library/TinyTeX/texmf-dist/tex/latex/graphics/graphicx.sty
Package: graphicx 2021/09/16 v1.2d Enhanced LaTeX Graphics (DPC,SPQR)
(/Users/silas/Library/TinyTeX/texmf-dist/tex/latex/graphics/graphics.sty
Package: graphics 2022/03/10 v1.4e Standard LaTeX Graphics (DPC,SPQR)
(/Users/silas/Library/TinyTeX/texmf-dist/tex/latex/graphics/trig.sty
Package: trig 2021/08/11 v1.11 sin cos tan (DPC)
) (/Users/silas/Library/TinyTeX/texmf-dist/tex/latex/graphics-cfg/graphics.cfg
File: graphics.cfg 2016/06/04 v1.11 sample graphics configuration
)
Package graphics Info: Driver file: xetex.def on input line 107.
)
\Gin@req@height=\dimen184
\Gin@req@width=\dimen185
) (/Users/silas/Library/TinyTeX/texmf-dist/tex/latex/bookmark/bookmark.sty
Package: bookmark 2020-11-06 v1.29 PDF bookmarks (HO)
(/Users/silas/Library/TinyTeX/texmf-dist/tex/latex/hyperref/hyperref.sty
Package: hyperref 2023-10-27 v7.01d Hypertext links for LaTeX
(/Users/silas/Library/TinyTeX/texmf-dist/tex/generic/ltxcmds/ltxcmds.sty
Package: ltxcmds 2020-05-10 v1.25 LaTeX kernel commands for general use (HO)
) (/Users/silas/Library/TinyTeX/texmf-dist/tex/generic/pdftexcmds/pdftexcmds.sty
Package: pdftexcmds 2020-06-27 v0.33 Utility functions of pdfTeX for LuaTeX (HO)
(/Users/silas/Library/TinyTeX/texmf-dist/tex/generic/infwarerr/infwarerr.sty
Package: infwarerr 2019/12/03 v1.5 Providing info/warning/error messages (HO)
)
Package pdftexcmds Info: \pdf@primitive is available.
Package pdftexcmds Info: \pdf@ifprimitive is available.
Package pdftexcmds Info: \pdfdraftmode not found.
) (/Users/silas/Library/TinyTeX/texmf-dist/tex/latex/kvsetkeys/kvsetkeys.sty
Package: kvsetkeys 2022-10-05 v1.19 Key value parser (HO)
) (/Users/silas/Library/TinyTeX/texmf-dist/tex/generic/kvdefinekeys/kvdefinekeys.sty
Package: kvdefinekeys 2019-12-19 v1.6 Define keys (HO)
) (/Users/silas/Library/TinyTeX/texmf-dist/tex/generic/pdfescape/pdfescape.sty
Package: pdfescape 2019/12/09 v1.15 Implements pdfTeX's escape features (HO)
) (/Users/silas/Library/TinyTeX/texmf-dist/tex/latex/hycolor/hycolor.sty
Package: hycolor 2020-01-27 v1.10 Color options for hyperref/bookmark (HO)
) (/Users/silas/Library/TinyTeX/texmf-dist/tex/latex/letltxmacro/letltxmacro.sty
Package: letltxmacro 2019/12/03 v1.6 Let assignment for LaTeX macros (HO)
) (/Users/silas/Library/TinyTeX/texmf-dist/tex/latex/auxhook/auxhook.sty
Package: auxhook 2019-12-17 v1.6 Hooks for auxiliary files (HO)
) (/Users/silas/Library/TinyTeX/texmf-dist/tex/latex/hyperref/nameref.sty
Package: nameref 2023-10-05 v2.54 Cross-referencing by name of section
(/Users/silas/Library/TinyTeX/texmf-dist/tex/latex/refcount/refcount.sty
Package: refcount 2019/12/15 v3.6 Data extraction from label references (HO)
) (/Users/silas/Library/TinyTeX/texmf-dist/tex/generic/gettitlestring/gettitlestring.sty
Package: gettitlestring 2019/12/15 v1.6 Cleanup title references (HO)
(/Users/silas/Library/TinyTeX/texmf-dist/tex/latex/kvoptions/kvoptions.sty
Package: kvoptions 2022-06-15 v3.15 Key value format for package options (HO)
))
\c@section@level=\count307
)
\@linkdim=\dimen186
\Hy@linkcounter=\count308
\Hy@pagecounter=\count309
(/Users/silas/Library/TinyTeX/texmf-dist/tex/latex/hyperref/pd1enc.def
File: pd1enc.def 2023-10-27 v7.01d Hyperref: PDFDocEncoding definition (HO)
) (/Users/silas/Library/TinyTeX/texmf-dist/tex/generic/intcalc/intcalc.sty
Package: intcalc 2019/12/15 v1.3 Expandable calculations with integers (HO)
)
\Hy@SavedSpaceFactor=\count310
(/Users/silas/Library/TinyTeX/texmf-dist/tex/latex/hyperref/puenc.def
File: puenc.def 2023-10-27 v7.01d Hyperref: PDF Unicode definition (HO)
)
Package hyperref Info: Option `unicode' set `true' on input line 4051.
Package hyperref Info: Hyper figures OFF on input line 4168.
Package hyperref Info: Link nesting OFF on input line 4173.
Package hyperref Info: Hyper index ON on input line 4176.
Package hyperref Info: Plain pages OFF on input line 4183.
Package hyperref Info: Backreferencing OFF on input line 4188.
Package hyperref Info: Implicit mode ON; LaTeX internals redefined.
Package hyperref Info: Bookmarks ON on input line 4435.
\c@Hy@tempcnt=\count311
(/Users/silas/Library/TinyTeX/texmf-dist/tex/latex/url/url.sty
\Urlmuskip=\muskip18
Package: url 2013/09/16  ver 3.4  Verb mode for urls, etc.
)
LaTeX Info: Redefining \url on input line 4773.
\XeTeXLinkMargin=\dimen187
(/Users/silas/Library/TinyTeX/texmf-dist/tex/generic/bitset/bitset.sty
Package: bitset 2019/12/09 v1.3 Handle bit-vector datatype (HO)
(/Users/silas/Library/TinyTeX/texmf-dist/tex/generic/bigintcalc/bigintcalc.sty
Package: bigintcalc 2019/12/15 v1.5 Expandable calculations on big integers (HO)
))
\Fld@menulength=\count312
\Field@Width=\dimen188
\Fld@charsize=\dimen189
Package hyperref Info: Hyper figures OFF on input line 6052.
Package hyperref Info: Link nesting OFF on input line 6057.
Package hyperref Info: Hyper index ON on input line 6060.
Package hyperref Info: backreferencing OFF on input line 6067.
Package hyperref Info: Link coloring OFF on input line 6072.
Package hyperref Info: Link coloring with OCG OFF on input line 6077.
Package hyperref Info: PDF/A mode OFF on input line 6082.
(/Users/silas/Library/TinyTeX/texmf-dist/tex/latex/base/atbegshi-ltx.sty
Package: atbegshi-ltx 2021/01/10 v1.0c Emulation of the original atbegshi
package with kernel methods
)
\Hy@abspage=\count313
\c@Item=\count314
\c@Hfootnote=\count315
)
Package hyperref Info: Driver (autodetected): hxetex.
(/Users/silas/Library/TinyTeX/texmf-dist/tex/latex/hyperref/hxetex.def
File: hxetex.def 2023-10-27 v7.01d Hyperref driver for XeTeX
(/Users/silas/Library/TinyTeX/texmf-dist/tex/generic/stringenc/stringenc.sty
Package: stringenc 2019/11/29 v1.12 Convert strings between diff. encodings (HO)
)
\pdfm@box=\box65
\c@Hy@AnnotLevel=\count316
\HyField@AnnotCount=\count317
\Fld@listcount=\count318
\c@bookmark@seq@number=\count319
(/Users/silas/Library/TinyTeX/texmf-dist/tex/latex/rerunfilecheck/rerunfilecheck.sty
Package: rerunfilecheck 2022-07-10 v1.10 Rerun checks for auxiliary files (HO)
(/Users/silas/Library/TinyTeX/texmf-dist/tex/latex/base/atveryend-ltx.sty
Package: atveryend-ltx 2020/08/19 v1.0a Emulation of the original atveryend package
with kernel methods
) (/Users/silas/Library/TinyTeX/texmf-dist/tex/generic/uniquecounter/uniquecounter.sty
Package: uniquecounter 2019/12/15 v1.4 Provide unlimited unique counter (HO)
)
Package uniquecounter Info: New unique counter `rerunfilecheck' on input line 285.
)
\Hy@SectionHShift=\skip78
) (/Users/silas/Library/TinyTeX/texmf-dist/tex/latex/bookmark/bkm-dvipdfm.def
File: bkm-dvipdfm.def 2020-11-06 v1.29 bookmark driver for dvipdfm (HO)
\BKM@id=\count320
)) (/Users/silas/Library/TinyTeX/texmf-dist/tex/latex/caption/caption.sty
Package: caption 2023/08/05 v3.6o Customizing captions (AR)
(/Users/silas/Library/TinyTeX/texmf-dist/tex/latex/caption/caption3.sty
Package: caption3 2023/07/31 v2.4d caption3 kernel (AR)
\caption@tempdima=\dimen190
\captionmargin=\dimen191
\caption@leftmargin=\dimen192
\caption@rightmargin=\dimen193
\caption@width=\dimen194
\caption@indent=\dimen195
\caption@parindent=\dimen196
\caption@hangindent=\dimen197
Package caption Info: KOMA-Script document class detected.
(/Users/silas/Library/TinyTeX/texmf-dist/tex/latex/caption/caption-koma.sto
File: caption-koma.sto 2023/09/08 v2.0e Adaption of the caption package to the KOMA-Script document classes (AR)
))
\c@caption@flags=\count321
\c@continuedfloat=\count322
Package caption Info: hyperref package is loaded.
Package caption Info: longtable package is loaded.
(/Users/silas/Library/TinyTeX/texmf-dist/tex/latex/caption/ltcaption.sty
Package: ltcaption 2021/01/08 v1.4c longtable captions (AR)
)
Package caption Info: KOMA-Script scrextend package detected.
\caption@addmargin@hsize=\dimen198
\caption@addmargin@linewidth=\dimen199
) (/Users/silas/Library/TinyTeX/texmf-dist/tex/latex/float/float.sty
Package: float 2001/11/08 v1.3d Float enhancements (AL)
\c@float@type=\count323
\float@exts=\toks26
\float@box=\box66
\@float@everytoks=\toks27
\@floatcapt=\box67
)
\@float@every@codelisting=\toks28
\c@codelisting=\count324
(/Users/silas/Library/TinyTeX/texmf-dist/tex/latex/caption/subcaption.sty
Package: subcaption 2023/07/28 v1.6b Sub-captions (AR)
Package caption Info: New subtype `subfigure' on input line 238.
\c@subfigure=\count325
Package caption Info: New subtype `subtable' on input line 238.
\c@subtable=\count326
) (/Users/silas/Library/TinyTeX/texmf-dist/tex/latex/tcolorbox/tcolorbox.sty
Package: tcolorbox 2023/09/26 version 6.1.0 text color boxes
(/Users/silas/Library/TinyTeX/texmf-dist/tex/latex/pgf/basiclayer/pgf.sty (/Users/silas/Library/TinyTeX/texmf-dist/tex/latex/pgf/utilities/pgfrcs.sty (/Users/silas/Library/TinyTeX/texmf-dist/tex/generic/pgf/utilities/pgfutil-common.tex
\pgfutil@everybye=\toks29
\pgfutil@tempdima=\dimen256
\pgfutil@tempdimb=\dimen257
) (/Users/silas/Library/TinyTeX/texmf-dist/tex/generic/pgf/utilities/pgfutil-latex.def
\pgfutil@abb=\box68
) (/Users/silas/Library/TinyTeX/texmf-dist/tex/generic/pgf/utilities/pgfrcs.code.tex (/Users/silas/Library/TinyTeX/texmf-dist/tex/generic/pgf/pgf.revision.tex)
Package: pgfrcs 2023-01-15 v3.1.10 (3.1.10)
))
Package: pgf 2023-01-15 v3.1.10 (3.1.10)
(/Users/silas/Library/TinyTeX/texmf-dist/tex/latex/pgf/basiclayer/pgfcore.sty (/Users/silas/Library/TinyTeX/texmf-dist/tex/latex/pgf/systemlayer/pgfsys.sty (/Users/silas/Library/TinyTeX/texmf-dist/tex/generic/pgf/systemlayer/pgfsys.code.tex
Package: pgfsys 2023-01-15 v3.1.10 (3.1.10)
(/Users/silas/Library/TinyTeX/texmf-dist/tex/generic/pgf/utilities/pgfkeys.code.tex
\pgfkeys@pathtoks=\toks30
\pgfkeys@temptoks=\toks31
(/Users/silas/Library/TinyTeX/texmf-dist/tex/generic/pgf/utilities/pgfkeyslibraryfiltered.code.tex
\pgfkeys@tmptoks=\toks32
))
\pgf@x=\dimen258
\pgf@y=\dimen259
\pgf@xa=\dimen260
\pgf@ya=\dimen261
\pgf@xb=\dimen262
\pgf@yb=\dimen263
\pgf@xc=\dimen264
\pgf@yc=\dimen265
\pgf@xd=\dimen266
\pgf@yd=\dimen267
\w@pgf@writea=\write4
\r@pgf@reada=\read3
\c@pgf@counta=\count327
\c@pgf@countb=\count328
\c@pgf@countc=\count329
\c@pgf@countd=\count330
\t@pgf@toka=\toks33
\t@pgf@tokb=\toks34
\t@pgf@tokc=\toks35
\pgf@sys@id@count=\count331
(/Users/silas/Library/TinyTeX/texmf-dist/tex/generic/pgf/systemlayer/pgf.cfg
File: pgf.cfg 2023-01-15 v3.1.10 (3.1.10)
)
Driver file for pgf: pgfsys-xetex.def
(/Users/silas/Library/TinyTeX/texmf-dist/tex/generic/pgf/systemlayer/pgfsys-xetex.def
File: pgfsys-xetex.def 2023-01-15 v3.1.10 (3.1.10)
(/Users/silas/Library/TinyTeX/texmf-dist/tex/generic/pgf/systemlayer/pgfsys-dvipdfmx.def
File: pgfsys-dvipdfmx.def 2023-01-15 v3.1.10 (3.1.10)
(/Users/silas/Library/TinyTeX/texmf-dist/tex/generic/pgf/systemlayer/pgfsys-common-pdf.def
File: pgfsys-common-pdf.def 2023-01-15 v3.1.10 (3.1.10)
)
\pgfsys@objnum=\count332
))) (/Users/silas/Library/TinyTeX/texmf-dist/tex/generic/pgf/systemlayer/pgfsyssoftpath.code.tex
File: pgfsyssoftpath.code.tex 2023-01-15 v3.1.10 (3.1.10)
\pgfsyssoftpath@smallbuffer@items=\count333
\pgfsyssoftpath@bigbuffer@items=\count334
) (/Users/silas/Library/TinyTeX/texmf-dist/tex/generic/pgf/systemlayer/pgfsysprotocol.code.tex
File: pgfsysprotocol.code.tex 2023-01-15 v3.1.10 (3.1.10)
)) (/Users/silas/Library/TinyTeX/texmf-dist/tex/generic/pgf/basiclayer/pgfcore.code.tex
Package: pgfcore 2023-01-15 v3.1.10 (3.1.10)
(/Users/silas/Library/TinyTeX/texmf-dist/tex/generic/pgf/math/pgfmath.code.tex (/Users/silas/Library/TinyTeX/texmf-dist/tex/generic/pgf/math/pgfmathutil.code.tex) (/Users/silas/Library/TinyTeX/texmf-dist/tex/generic/pgf/math/pgfmathparser.code.tex
\pgfmath@dimen=\dimen268
\pgfmath@count=\count335
\pgfmath@box=\box69
\pgfmath@toks=\toks36
\pgfmath@stack@operand=\toks37
\pgfmath@stack@operation=\toks38
) (/Users/silas/Library/TinyTeX/texmf-dist/tex/generic/pgf/math/pgfmathfunctions.code.tex) (/Users/silas/Library/TinyTeX/texmf-dist/tex/generic/pgf/math/pgfmathfunctions.basic.code.tex) (/Users/silas/Library/TinyTeX/texmf-dist/tex/generic/pgf/math/pgfmathfunctions.trigonometric.code.tex) (/Users/silas/Library/TinyTeX/texmf-dist/tex/generic/pgf/math/pgfmathfunctions.random.code.tex) (/Users/silas/Library/TinyTeX/texmf-dist/tex/generic/pgf/math/pgfmathfunctions.comparison.code.tex) (/Users/silas/Library/TinyTeX/texmf-dist/tex/generic/pgf/math/pgfmathfunctions.base.code.tex) (/Users/silas/Library/TinyTeX/texmf-dist/tex/generic/pgf/math/pgfmathfunctions.round.code.tex) (/Users/silas/Library/TinyTeX/texmf-dist/tex/generic/pgf/math/pgfmathfunctions.misc.code.tex) (/Users/silas/Library/TinyTeX/texmf-dist/tex/generic/pgf/math/pgfmathfunctions.integerarithmetics.code.tex) (/Users/silas/Library/TinyTeX/texmf-dist/tex/generic/pgf/math/pgfmathcalc.code.tex) (/Users/silas/Library/TinyTeX/texmf-dist/tex/generic/pgf/math/pgfmathfloat.code.tex
\c@pgfmathroundto@lastzeros=\count336
)) (/Users/silas/Library/TinyTeX/texmf-dist/tex/generic/pgf/math/pgfint.code.tex) (/Users/silas/Library/TinyTeX/texmf-dist/tex/generic/pgf/basiclayer/pgfcorepoints.code.tex
File: pgfcorepoints.code.tex 2023-01-15 v3.1.10 (3.1.10)
\pgf@picminx=\dimen269
\pgf@picmaxx=\dimen270
\pgf@picminy=\dimen271
\pgf@picmaxy=\dimen272
\pgf@pathminx=\dimen273
\pgf@pathmaxx=\dimen274
\pgf@pathminy=\dimen275
\pgf@pathmaxy=\dimen276
\pgf@xx=\dimen277
\pgf@xy=\dimen278
\pgf@yx=\dimen279
\pgf@yy=\dimen280
\pgf@zx=\dimen281
\pgf@zy=\dimen282
) (/Users/silas/Library/TinyTeX/texmf-dist/tex/generic/pgf/basiclayer/pgfcorepathconstruct.code.tex
File: pgfcorepathconstruct.code.tex 2023-01-15 v3.1.10 (3.1.10)
\pgf@path@lastx=\dimen283
\pgf@path@lasty=\dimen284
) (/Users/silas/Library/TinyTeX/texmf-dist/tex/generic/pgf/basiclayer/pgfcorepathusage.code.tex
File: pgfcorepathusage.code.tex 2023-01-15 v3.1.10 (3.1.10)
\pgf@shorten@end@additional=\dimen285
\pgf@shorten@start@additional=\dimen286
) (/Users/silas/Library/TinyTeX/texmf-dist/tex/generic/pgf/basiclayer/pgfcorescopes.code.tex
File: pgfcorescopes.code.tex 2023-01-15 v3.1.10 (3.1.10)
\pgfpic=\box70
\pgf@hbox=\box71
\pgf@layerbox@main=\box72
\pgf@picture@serial@count=\count337
) (/Users/silas/Library/TinyTeX/texmf-dist/tex/generic/pgf/basiclayer/pgfcoregraphicstate.code.tex
File: pgfcoregraphicstate.code.tex 2023-01-15 v3.1.10 (3.1.10)
\pgflinewidth=\dimen287
) (/Users/silas/Library/TinyTeX/texmf-dist/tex/generic/pgf/basiclayer/pgfcoretransformations.code.tex
File: pgfcoretransformations.code.tex 2023-01-15 v3.1.10 (3.1.10)
\pgf@pt@x=\dimen288
\pgf@pt@y=\dimen289
\pgf@pt@temp=\dimen290
) (/Users/silas/Library/TinyTeX/texmf-dist/tex/generic/pgf/basiclayer/pgfcorequick.code.tex
File: pgfcorequick.code.tex 2023-01-15 v3.1.10 (3.1.10)
) (/Users/silas/Library/TinyTeX/texmf-dist/tex/generic/pgf/basiclayer/pgfcoreobjects.code.tex
File: pgfcoreobjects.code.tex 2023-01-15 v3.1.10 (3.1.10)
) (/Users/silas/Library/TinyTeX/texmf-dist/tex/generic/pgf/basiclayer/pgfcorepathprocessing.code.tex
File: pgfcorepathprocessing.code.tex 2023-01-15 v3.1.10 (3.1.10)
) (/Users/silas/Library/TinyTeX/texmf-dist/tex/generic/pgf/basiclayer/pgfcorearrows.code.tex
File: pgfcorearrows.code.tex 2023-01-15 v3.1.10 (3.1.10)
\pgfarrowsep=\dimen291
) (/Users/silas/Library/TinyTeX/texmf-dist/tex/generic/pgf/basiclayer/pgfcoreshade.code.tex
File: pgfcoreshade.code.tex 2023-01-15 v3.1.10 (3.1.10)
\pgf@max=\dimen292
\pgf@sys@shading@range@num=\count338
\pgf@shadingcount=\count339
) (/Users/silas/Library/TinyTeX/texmf-dist/tex/generic/pgf/basiclayer/pgfcoreimage.code.tex
File: pgfcoreimage.code.tex 2023-01-15 v3.1.10 (3.1.10)
) (/Users/silas/Library/TinyTeX/texmf-dist/tex/generic/pgf/basiclayer/pgfcoreexternal.code.tex
File: pgfcoreexternal.code.tex 2023-01-15 v3.1.10 (3.1.10)
\pgfexternal@startupbox=\box73
) (/Users/silas/Library/TinyTeX/texmf-dist/tex/generic/pgf/basiclayer/pgfcorelayers.code.tex
File: pgfcorelayers.code.tex 2023-01-15 v3.1.10 (3.1.10)
) (/Users/silas/Library/TinyTeX/texmf-dist/tex/generic/pgf/basiclayer/pgfcoretransparency.code.tex
File: pgfcoretransparency.code.tex 2023-01-15 v3.1.10 (3.1.10)
) (/Users/silas/Library/TinyTeX/texmf-dist/tex/generic/pgf/basiclayer/pgfcorepatterns.code.tex
File: pgfcorepatterns.code.tex 2023-01-15 v3.1.10 (3.1.10)
) (/Users/silas/Library/TinyTeX/texmf-dist/tex/generic/pgf/basiclayer/pgfcorerdf.code.tex
File: pgfcorerdf.code.tex 2023-01-15 v3.1.10 (3.1.10)
))) (/Users/silas/Library/TinyTeX/texmf-dist/tex/generic/pgf/modules/pgfmoduleshapes.code.tex
File: pgfmoduleshapes.code.tex 2023-01-15 v3.1.10 (3.1.10)
\pgfnodeparttextbox=\box74
) (/Users/silas/Library/TinyTeX/texmf-dist/tex/generic/pgf/modules/pgfmoduleplot.code.tex
File: pgfmoduleplot.code.tex 2023-01-15 v3.1.10 (3.1.10)
) (/Users/silas/Library/TinyTeX/texmf-dist/tex/latex/pgf/compatibility/pgfcomp-version-0-65.sty
Package: pgfcomp-version-0-65 2023-01-15 v3.1.10 (3.1.10)
\pgf@nodesepstart=\dimen293
\pgf@nodesepend=\dimen294
) (/Users/silas/Library/TinyTeX/texmf-dist/tex/latex/pgf/compatibility/pgfcomp-version-1-18.sty
Package: pgfcomp-version-1-18 2023-01-15 v3.1.10 (3.1.10)
)) (/Users/silas/Library/TinyTeX/texmf-dist/tex/latex/tools/verbatim.sty
Package: verbatim 2022-07-02 v1.5u LaTeX2e package for verbatim enhancements
\every@verbatim=\toks39
\verbatim@line=\toks40
\verbatim@in@stream=\read4
) (/Users/silas/Library/TinyTeX/texmf-dist/tex/latex/environ/environ.sty
Package: environ 2014/05/04 v0.3 A new way to define environments
(/Users/silas/Library/TinyTeX/texmf-dist/tex/latex/trimspaces/trimspaces.sty
Package: trimspaces 2009/09/17 v1.1 Trim spaces around a token list
))
\tcb@titlebox=\box75
\tcb@upperbox=\box76
\tcb@lowerbox=\box77
\tcb@phantombox=\box78
\c@tcbbreakpart=\count340
\c@tcblayer=\count341
\c@tcolorbox@number=\count342
\tcb@temp=\box79
\tcb@temp=\box80
\tcb@temp=\box81
\tcb@temp=\box82
(/Users/silas/Library/TinyTeX/texmf-dist/tex/latex/tcolorbox/tcbskins.code.tex
Library (tcolorbox): 'tcbskins.code.tex' version '6.1.0'
(/Users/silas/Library/TinyTeX/texmf-dist/tex/latex/pgf/frontendlayer/tikz.sty (/Users/silas/Library/TinyTeX/texmf-dist/tex/latex/pgf/utilities/pgffor.sty (/Users/silas/Library/TinyTeX/texmf-dist/tex/latex/pgf/utilities/pgfkeys.sty (/Users/silas/Library/TinyTeX/texmf-dist/tex/generic/pgf/utilities/pgfkeys.code.tex)) (/Users/silas/Library/TinyTeX/texmf-dist/tex/latex/pgf/math/pgfmath.sty (/Users/silas/Library/TinyTeX/texmf-dist/tex/generic/pgf/math/pgfmath.code.tex)) (/Users/silas/Library/TinyTeX/texmf-dist/tex/generic/pgf/utilities/pgffor.code.tex
Package: pgffor 2023-01-15 v3.1.10 (3.1.10)
\pgffor@iter=\dimen295
\pgffor@skip=\dimen296
\pgffor@stack=\toks41
\pgffor@toks=\toks42
)) (/Users/silas/Library/TinyTeX/texmf-dist/tex/generic/pgf/frontendlayer/tikz/tikz.code.tex
Package: tikz 2023-01-15 v3.1.10 (3.1.10)
(/Users/silas/Library/TinyTeX/texmf-dist/tex/generic/pgf/libraries/pgflibraryplothandlers.code.tex
File: pgflibraryplothandlers.code.tex 2023-01-15 v3.1.10 (3.1.10)
\pgf@plot@mark@count=\count343
\pgfplotmarksize=\dimen297
)
\tikz@lastx=\dimen298
\tikz@lasty=\dimen299
\tikz@lastxsaved=\dimen300
\tikz@lastysaved=\dimen301
\tikz@lastmovetox=\dimen302
\tikz@lastmovetoy=\dimen303
\tikzleveldistance=\dimen304
\tikzsiblingdistance=\dimen305
\tikz@figbox=\box83
\tikz@figbox@bg=\box84
\tikz@tempbox=\box85
\tikz@tempbox@bg=\box86
\tikztreelevel=\count344
\tikznumberofchildren=\count345
\tikznumberofcurrentchild=\count346
\tikz@fig@count=\count347
(/Users/silas/Library/TinyTeX/texmf-dist/tex/generic/pgf/modules/pgfmodulematrix.code.tex
File: pgfmodulematrix.code.tex 2023-01-15 v3.1.10 (3.1.10)
\pgfmatrixcurrentrow=\count348
\pgfmatrixcurrentcolumn=\count349
\pgf@matrix@numberofcolumns=\count350
)
\tikz@expandcount=\count351
(/Users/silas/Library/TinyTeX/texmf-dist/tex/generic/pgf/frontendlayer/tikz/libraries/tikzlibrarytopaths.code.tex
File: tikzlibrarytopaths.code.tex 2023-01-15 v3.1.10 (3.1.10)
))) (/Users/silas/Library/TinyTeX/texmf-dist/tex/latex/tikzfill/tikzfill.image.sty
Package: tikzfill.image 2023/08/08 v1.0.1 Image filling library for TikZ
(/Users/silas/Library/TinyTeX/texmf-dist/tex/latex/tikzfill/tikzfill-common.sty
Package: tikzfill-common 2023/08/08 v1.0.1 Auxiliary code for tikzfill
) (/Users/silas/Library/TinyTeX/texmf-dist/tex/latex/tikzfill/tikzlibraryfill.image.code.tex
File: tikzlibraryfill.image.code.tex 2023/08/08 v1.0.1 Image filling library
\l__tikzfill_img_box=\box87
)) (/Users/silas/Library/TinyTeX/texmf-dist/tex/latex/tcolorbox/tcbskinsjigsaw.code.tex
Library (tcolorbox): 'tcbskinsjigsaw.code.tex' version '6.1.0'
)) (/Users/silas/Library/TinyTeX/texmf-dist/tex/latex/tcolorbox/tcbbreakable.code.tex
Library (tcolorbox): 'tcbbreakable.code.tex' version '6.1.0'
(/Users/silas/Library/TinyTeX/texmf-dist/tex/latex/pdfcol/pdfcol.sty
Package: pdfcol 2022-09-21 v1.7 Handle new color stacks for pdfTeX (HO)
Package pdfcol Info: Interface disabled because of missing PDF mode of pdfTeX.
)
Package pdfcol Info: pdfTeX's color stacks are not available.
\tcb@testbox=\box88
\tcb@totalupperbox=\box89
\tcb@totallowerbox=\box90
)) (/Users/silas/Library/TinyTeX/texmf-dist/tex/latex/sidenotes/sidenotes.sty
Package: sidenotes 2016/04/21 v1.00 rich text in the margin for LaTeX
(/Users/silas/Library/TinyTeX/texmf-dist/tex/latex/marginnote/marginnote.sty
Package: marginnote 2018/08/09 1.4b non floating margin notes for LaTeX
\c@mn@abspage=\count352
) (/Users/silas/Library/TinyTeX/texmf-dist/tex/latex/changepage/changepage.sty
Package: changepage 2009/10/20 v1.0c check page and change page layout
\c@cp@cntr=\count353
\cp@tempcnt=\count354
)
\c@sidenote=\count355
\@sidenotes@marginfigurebox=\box91
\@sidenotes@margintablebox=\box92
)
Package hyperref Info: Option `colorlinks' set `true' on input line 195.
No file index.aux.
\openout1 = `index.aux'.

LaTeX Font Info:    Checking defaults for OML/cmm/m/it on input line 201.
LaTeX Font Info:    ... okay on input line 201.
LaTeX Font Info:    Checking defaults for OMS/cmsy/m/n on input line 201.
LaTeX Font Info:    ... okay on input line 201.
LaTeX Font Info:    Checking defaults for OT1/cmr/m/n on input line 201.
LaTeX Font Info:    ... okay on input line 201.
LaTeX Font Info:    Checking defaults for T1/cmr/m/n on input line 201.
LaTeX Font Info:    ... okay on input line 201.
LaTeX Font Info:    Checking defaults for TS1/cmr/m/n on input line 201.
LaTeX Font Info:    ... okay on input line 201.
LaTeX Font Info:    Checking defaults for TU/lmr/m/n on input line 201.
LaTeX Font Info:    ... okay on input line 201.
LaTeX Font Info:    Checking defaults for OMX/cmex/m/n on input line 201.
LaTeX Font Info:    ... okay on input line 201.
LaTeX Font Info:    Checking defaults for U/cmr/m/n on input line 201.
LaTeX Font Info:    ... okay on input line 201.
LaTeX Font Info:    Checking defaults for PD1/pdf/m/n on input line 201.
LaTeX Font Info:    ... okay on input line 201.
LaTeX Font Info:    Checking defaults for PU/pdf/m/n on input line 201.
LaTeX Font Info:    ... okay on input line 201.
Package scrbase Info: activating english \abstractname on input line 201.
Package scrbase Info: activating english \partname on input line 201.
Package scrbase Info: activating english \chaptername on input line 201.
Package scrbase Info: activating english \appendixname on input line 201.
Package scrbase Info: activating english \figurename on input line 201.
Package scrbase Info: activating english \tablename on input line 201.
Package scrbase Info: activating english \contentsname on input line 201.
Package scrbase Info: activating english \listfigurename on input line 201.
Package scrbase Info: activating english \listtablename on input line 201.
Package scrbase Info: activating english \bibname on input line 201.
Package scrbase Info: activating english \indexname on input line 201.
LaTeX Font Info:    Overwriting math alphabet `\mathrm' in version `normal'
(Font)                  OT1/lmr/m/n --> TU/lmr/m/n on input line 201.
LaTeX Font Info:    Overwriting math alphabet `\mathit' in version `normal'
(Font)                  OT1/lmr/m/it --> TU/lmr/m/it on input line 201.
LaTeX Font Info:    Overwriting math alphabet `\mathbf' in version `normal'
(Font)                  OT1/lmr/bx/n --> TU/lmr/bx/n on input line 201.
LaTeX Font Info:    Overwriting math alphabet `\mathsf' in version `normal'
(Font)                  OT1/lmss/m/n --> TU/lmss/m/n on input line 201.
LaTeX Font Info:    Overwriting math alphabet `\mathsf' in version `bold'
(Font)                  OT1/lmss/bx/n --> TU/lmss/bx/n on input line 201.
LaTeX Font Info:    Overwriting math alphabet `\mathtt' in version `normal'
(Font)                  OT1/lmtt/m/n --> TU/lmtt/m/n on input line 201.
LaTeX Font Info:    Overwriting math alphabet `\mathtt' in version `bold'
(Font)                  OT1/lmtt/m/n --> TU/lmtt/bx/n on input line 201.

Package fontspec Info: latinmodern-math scale = 0.9999967668407183.


Package fontspec Info: latinmodern-math scale = 0.9999967668407183.


Package fontspec Info: latinmodern-math scale = 0.9999967668407183.


Package fontspec Info: Font family 'latinmodern-math.otf(0)' created for font
(fontspec)             'latinmodern-math.otf' with options
(fontspec)             [Scale=MatchLowercase,BoldItalicFont={},ItalicFont={},SmallCapsFont={},Script=Math,BoldFont={latinmodern-math.otf}].
(fontspec)              
(fontspec)              This font family consists of the following NFSS
(fontspec)             series/shapes:
(fontspec)              
(fontspec)             - 'normal' (m/n) with NFSS spec.:
(fontspec)             <->s*[0.9999967668407183]"[latinmodern-math.otf]/OT:script=math;language=dflt;"
(fontspec)             - 'small caps'  (m/sc) with NFSS spec.: 
(fontspec)             - 'bold' (b/n) with NFSS spec.:
(fontspec)             <->s*[0.9999967668407183]"[latinmodern-math.otf]/OT:script=math;language=dflt;"
(fontspec)             - 'bold small caps'  (b/sc) with NFSS spec.: 

LaTeX Font Info:    Font shape `TU/latinmodern-math.otf(0)/m/n' will be
(Font)              scaled to size 10.95pt on input line 201.

Package fontspec Info: latinmodern-math scale = 0.9999967668407183.


Package fontspec Info: latinmodern-math scale = 0.9999967668407183.


Package fontspec Info: latinmodern-math scale = 0.9999967668407183.


Package fontspec Info: latinmodern-math scale = 0.9999967668407183.


Package fontspec Info: latinmodern-math scale = 0.9999967668407183.


Package fontspec Info: Font family 'latinmodern-math.otf(1)' created for font
(fontspec)             'latinmodern-math.otf' with options
(fontspec)             [Scale=MatchLowercase,BoldItalicFont={},ItalicFont={},SmallCapsFont={},Script=Math,SizeFeatures={{Size=9.3075-},{Size=6.57-9.3075,Font=latinmodern-math.otf,Style=MathScript},{Size=-6.57,Font=latinmodern-math.otf,Style=MathScriptScript}},BoldFont={latinmodern-math.otf}].
(fontspec)              
(fontspec)              This font family consists of the following NFSS
(fontspec)             series/shapes:
(fontspec)              
(fontspec)             - 'normal' (m/n) with NFSS spec.:
(fontspec)             <9.3075->s*[0.9999967668407183]"[latinmodern-math.otf]/OT:script=math;language=dflt;"<6.57-9.3075>s*[0.9999967668407183]"[latinmodern-math.otf]/OT:script=math;language=dflt;+ssty=0;"<-6.57>s*[0.9999967668407183]"[latinmodern-math.otf]/OT:script=math;language=dflt;+ssty=1;"
(fontspec)             - 'small caps'  (m/sc) with NFSS spec.: 
(fontspec)             - 'bold' (b/n) with NFSS spec.:
(fontspec)             <->s*[0.9999967668407183]"[latinmodern-math.otf]/OT:script=math;language=dflt;"
(fontspec)             - 'bold small caps'  (b/sc) with NFSS spec.: 

LaTeX Font Info:    Font shape `TU/latinmodern-math.otf(1)/m/n' will be
(Font)              scaled to size 10.95pt on input line 201.
LaTeX Font Info:    Encoding `OT1' has changed to `TU' for symbol font
(Font)              `operators' in the math version `normal' on input line 201.
LaTeX Font Info:    Overwriting symbol font `operators' in version `normal'
(Font)                  OT1/lmr/m/n --> TU/latinmodern-math.otf(1)/m/n on input line 201.
LaTeX Font Info:    Encoding `OT1' has changed to `TU' for symbol font
(Font)              `operators' in the math version `bold' on input line 201.
LaTeX Font Info:    Overwriting symbol font `operators' in version `bold'
(Font)                  OT1/lmr/bx/n --> TU/latinmodern-math.otf(1)/b/n on input line 201.

Package fontspec Info: latinmodern-math scale = 0.9999967668407183.


Package fontspec Info: latinmodern-math scale = 1.000096766517402.


Package fontspec Info: latinmodern-math scale = 0.9999967668407183.


Package fontspec Info: latinmodern-math scale = 1.000096766517402.


Package fontspec Info: latinmodern-math scale = 0.9999967668407183.


Package fontspec Info: latinmodern-math scale = 1.000096766517402.


Package fontspec Info: latinmodern-math scale = 0.9999967668407183.


Package fontspec Info: latinmodern-math scale = 1.000096766517402.


Package fontspec Info: latinmodern-math scale = 0.9999967668407183.


Package fontspec Info: latinmodern-math scale = 1.000096766517402.


Package fontspec Info: Font family 'latinmodern-math.otf(2)' created for font
(fontspec)             'latinmodern-math.otf' with options
(fontspec)             [Scale=MatchLowercase,BoldItalicFont={},ItalicFont={},SmallCapsFont={},Script=Math,SizeFeatures={{Size=9.3075-},{Size=6.57-9.3075,Font=latinmodern-math.otf,Style=MathScript},{Size=-6.57,Font=latinmodern-math.otf,Style=MathScriptScript}},BoldFont={latinmodern-math.otf},ScaleAgain=1.0001,FontAdjustment={\fontdimen
(fontspec)             8\font =7.41315pt\relax \fontdimen 9\font
(fontspec)             =4.3143pt\relax \fontdimen 10\font =4.8618pt\relax
(fontspec)             \fontdimen 11\font =7.5117pt\relax \fontdimen 12\font
(fontspec)             =3.77776pt\relax \fontdimen 13\font =3.97485pt\relax
(fontspec)             \fontdimen 14\font =3.97485pt\relax \fontdimen 15\font
(fontspec)             =3.16455pt\relax \fontdimen 16\font =2.70465pt\relax
(fontspec)             \fontdimen 17\font =2.70465pt\relax \fontdimen 18\font
(fontspec)             =2.7375pt\relax \fontdimen 19\font =2.19pt\relax
(fontspec)             \fontdimen 22\font =2.7375pt\relax \fontdimen 20\font
(fontspec)             =0pt\relax \fontdimen 21\font =0pt\relax }].
(fontspec)              
(fontspec)              This font family consists of the following NFSS
(fontspec)             series/shapes:
(fontspec)              
(fontspec)             - 'normal' (m/n) with NFSS spec.:
(fontspec)             <9.3075->s*[1.000096766517402]"[latinmodern-math.otf]/OT:script=math;language=dflt;"<6.57-9.3075>s*[1.000096766517402]"[latinmodern-math.otf]/OT:script=math;language=dflt;+ssty=0;"<-6.57>s*[1.000096766517402]"[latinmodern-math.otf]/OT:script=math;language=dflt;+ssty=1;"
(fontspec)             - 'small caps'  (m/sc) with NFSS spec.: 
(fontspec)             and font adjustment code:
(fontspec)             \fontdimen 8\font =7.41315pt\relax \fontdimen 9\font
(fontspec)             =4.3143pt\relax \fontdimen 10\font =4.8618pt\relax
(fontspec)             \fontdimen 11\font =7.5117pt\relax \fontdimen 12\font
(fontspec)             =3.77776pt\relax \fontdimen 13\font =3.97485pt\relax
(fontspec)             \fontdimen 14\font =3.97485pt\relax \fontdimen 15\font
(fontspec)             =3.16455pt\relax \fontdimen 16\font =2.70465pt\relax
(fontspec)             \fontdimen 17\font =2.70465pt\relax \fontdimen 18\font
(fontspec)             =2.7375pt\relax \fontdimen 19\font =2.19pt\relax
(fontspec)             \fontdimen 22\font =2.7375pt\relax \fontdimen 20\font
(fontspec)             =0pt\relax \fontdimen 21\font =0pt\relax 
(fontspec)             - 'bold' (b/n) with NFSS spec.:
(fontspec)             <->s*[1.000096766517402]"[latinmodern-math.otf]/OT:script=math;language=dflt;"
(fontspec)             - 'bold small caps'  (b/sc) with NFSS spec.: 
(fontspec)             and font adjustment code:
(fontspec)             \fontdimen 8\font =7.41315pt\relax \fontdimen 9\font
(fontspec)             =4.3143pt\relax \fontdimen 10\font =4.8618pt\relax
(fontspec)             \fontdimen 11\font =7.5117pt\relax \fontdimen 12\font
(fontspec)             =3.77776pt\relax \fontdimen 13\font =3.97485pt\relax
(fontspec)             \fontdimen 14\font =3.97485pt\relax \fontdimen 15\font
(fontspec)             =3.16455pt\relax \fontdimen 16\font =2.70465pt\relax
(fontspec)             \fontdimen 17\font =2.70465pt\relax \fontdimen 18\font
(fontspec)             =2.7375pt\relax \fontdimen 19\font =2.19pt\relax
(fontspec)             \fontdimen 22\font =2.7375pt\relax \fontdimen 20\font
(fontspec)             =0pt\relax \fontdimen 21\font =0pt\relax 

LaTeX Font Info:    Encoding `OMS' has changed to `TU' for symbol font
(Font)              `symbols' in the math version `normal' on input line 201.
LaTeX Font Info:    Overwriting symbol font `symbols' in version `normal'
(Font)                  OMS/lmsy/m/n --> TU/latinmodern-math.otf(2)/m/n on input line 201.
LaTeX Font Info:    Encoding `OMS' has changed to `TU' for symbol font
(Font)              `symbols' in the math version `bold' on input line 201.
LaTeX Font Info:    Overwriting symbol font `symbols' in version `bold'
(Font)                  OMS/lmsy/b/n --> TU/latinmodern-math.otf(2)/b/n on input line 201.

Package fontspec Info: latinmodern-math scale = 0.9999967668407183.


Package fontspec Info: latinmodern-math scale = 0.9998967671640342.


Package fontspec Info: latinmodern-math scale = 0.9999967668407183.


Package fontspec Info: latinmodern-math scale = 0.9998967671640342.


Package fontspec Info: latinmodern-math scale = 0.9999967668407183.


Package fontspec Info: latinmodern-math scale = 0.9998967671640342.


Package fontspec Info: latinmodern-math scale = 0.9999967668407183.


Package fontspec Info: latinmodern-math scale = 0.9998967671640342.


Package fontspec Info: latinmodern-math scale = 0.9999967668407183.


Package fontspec Info: latinmodern-math scale = 0.9998967671640342.


Package fontspec Info: Font family 'latinmodern-math.otf(3)' created for font
(fontspec)             'latinmodern-math.otf' with options
(fontspec)             [Scale=MatchLowercase,BoldItalicFont={},ItalicFont={},SmallCapsFont={},Script=Math,SizeFeatures={{Size=9.3075-},{Size=6.57-9.3075,Font=latinmodern-math.otf,Style=MathScript},{Size=-6.57,Font=latinmodern-math.otf,Style=MathScriptScript}},BoldFont={latinmodern-math.otf},ScaleAgain=0.9999,FontAdjustment={\fontdimen
(fontspec)             8\font =0.438pt\relax \fontdimen 9\font =2.19pt\relax
(fontspec)             \fontdimen 10\font =1.82864pt\relax \fontdimen 11\font
(fontspec)             =1.21545pt\relax \fontdimen 12\font =6.56999pt\relax
(fontspec)             \fontdimen 13\font =0pt\relax }].
(fontspec)              
(fontspec)              This font family consists of the following NFSS
(fontspec)             series/shapes:
(fontspec)              
(fontspec)             - 'normal' (m/n) with NFSS spec.:
(fontspec)             <9.3075->s*[0.9998967671640342]"[latinmodern-math.otf]/OT:script=math;language=dflt;"<6.57-9.3075>s*[0.9998967671640342]"[latinmodern-math.otf]/OT:script=math;language=dflt;+ssty=0;"<-6.57>s*[0.9998967671640342]"[latinmodern-math.otf]/OT:script=math;language=dflt;+ssty=1;"
(fontspec)             - 'small caps'  (m/sc) with NFSS spec.: 
(fontspec)             and font adjustment code:
(fontspec)             \fontdimen 8\font =0.438pt\relax \fontdimen 9\font
(fontspec)             =2.19pt\relax \fontdimen 10\font =1.82864pt\relax
(fontspec)             \fontdimen 11\font =1.21545pt\relax \fontdimen 12\font
(fontspec)             =6.56999pt\relax \fontdimen 13\font =0pt\relax 
(fontspec)             - 'bold' (b/n) with NFSS spec.:
(fontspec)             <->s*[0.9998967671640342]"[latinmodern-math.otf]/OT:script=math;language=dflt;"
(fontspec)             - 'bold small caps'  (b/sc) with NFSS spec.: 
(fontspec)             and font adjustment code:
(fontspec)             \fontdimen 8\font =0.438pt\relax \fontdimen 9\font
(fontspec)             =2.19pt\relax \fontdimen 10\font =1.82864pt\relax
(fontspec)             \fontdimen 11\font =1.21545pt\relax \fontdimen 12\font
(fontspec)             =6.56999pt\relax \fontdimen 13\font =0pt\relax 

LaTeX Font Info:    Encoding `OMX' has changed to `TU' for symbol font
(Font)              `largesymbols' in the math version `normal' on input line 201.
LaTeX Font Info:    Overwriting symbol font `largesymbols' in version `normal'
(Font)                  OMX/lmex/m/n --> TU/latinmodern-math.otf(3)/m/n on input line 201.
LaTeX Font Info:    Encoding `OMX' has changed to `TU' for symbol font
(Font)              `largesymbols' in the math version `bold' on input line 201.
LaTeX Font Info:    Overwriting symbol font `largesymbols' in version `bold'
(Font)                  OMX/lmex/m/n --> TU/latinmodern-math.otf(3)/b/n on input line 201.
*geometry* driver: auto-detecting
*geometry* detected driver: xetex
*geometry* verbose mode - [ preamble ] result:
* driver: xetex
* paper: letterpaper
* layout: <same size as paper>
* layoutoffset:(h,v)=(0.0pt,0.0pt)
* modes: 
* h-part:(L,W,R)=(72.26999pt, 298.71585pt, 243.30916pt)
* v-part:(T,H,B)=(95.39737pt, 556.47656pt, 143.09605pt)
* \paperwidth=614.295pt
* \paperheight=794.96999pt
* \textwidth=298.71585pt
* \textheight=556.47656pt
* \oddsidemargin=0.0pt
* \evensidemargin=0.0pt
* \topmargin=-14.27263pt
* \headheight=17.0pt
* \headsep=20.40001pt
* \topskip=11.0pt
* \footskip=47.6pt
* \marginparwidth=149.35793pt
* \marginparsep=21.68121pt
* \columnsep=10.0pt
* \skip\footins=10.0pt plus 4.0pt minus 2.0pt
* \hoffset=0.0pt
* \voffset=0.0pt
* \mag=1000
* \@twocolumnfalse
* \@twosidefalse
* \@mparswitchfalse
* \@reversemarginfalse
* (1in=72.27pt=25.4mm, 1cm=28.453pt)

Package hyperref Info: Link coloring ON on input line 201.

Package hyperref Warning: Rerun to get /PageLabels entry.

Package caption Info: Begin \AtBeginDocument code.
Package caption Info: changepage package is loaded.
\caption@adjustwidth@hsize=\dimen306
\caption@adjustwidth@linewidth=\dimen307
Package caption Info: float package is loaded.
Package caption Info: End \AtBeginDocument code.
\@sidenotes@extrawidth=\skip79
LaTeX Font Info:    Font shape `TU/latinmodern-math.otf(1)/m/n' will be
(Font)              scaled to size 14.4pt on input line 203.
LaTeX Font Info:    Font shape `TU/latinmodern-math.otf(1)/m/n' will be
(Font)              scaled to size 10.0pt on input line 203.
LaTeX Font Info:    Font shape `TU/latinmodern-math.otf(1)/m/n' will be
(Font)              scaled to size 7.0pt on input line 203.
LaTeX Font Info:    Trying to load font information for OML+lmm on input line 203.
(/Users/silas/Library/TinyTeX/texmf-dist/tex/latex/lm/omllmm.fd
File: omllmm.fd 2015/05/01 v1.6.1 Font defs for Latin Modern
)
LaTeX Font Info:    Font shape `TU/latinmodern-math.otf(2)/m/n' will be
(Font)              scaled to size 14.4013pt on input line 203.
LaTeX Font Info:    Font shape `TU/latinmodern-math.otf(2)/m/n' will be
(Font)              scaled to size 10.00092pt on input line 203.
LaTeX Font Info:    Font shape `TU/latinmodern-math.otf(2)/m/n' will be
(Font)              scaled to size 7.00064pt on input line 203.
LaTeX Font Info:    Font shape `TU/latinmodern-math.otf(3)/m/n' will be
(Font)              scaled to size 14.39845pt on input line 203.
LaTeX Font Info:    Font shape `TU/latinmodern-math.otf(3)/m/n' will be
(Font)              scaled to size 9.99893pt on input line 203.
LaTeX Font Info:    Font shape `TU/latinmodern-math.otf(3)/m/n' will be
(Font)              scaled to size 6.99925pt on input line 203.
LaTeX Font Info:    Trying to load font information for U+msa on input line 203.
(/Users/silas/Library/TinyTeX/texmf-dist/tex/latex/amsfonts/umsa.fd
File: umsa.fd 2013/01/14 v3.01 AMS symbols A
)
LaTeX Font Info:    Trying to load font information for U+msb on input line 203.
(/Users/silas/Library/TinyTeX/texmf-dist/tex/latex/amsfonts/umsb.fd
File: umsb.fd 2013/01/14 v3.01 AMS symbols B
) [1



]
No file index.toc.
\tf@toc=\write5
\openout5 = `index.toc'.

[2

] [3

]
part I.
Package scrkbase Info: You've told me to use the font selection of the element
(scrkbase)             `partprefix' that is an alias of element `partnumber'
(scrkbase)              on input line 240.
[4

]
chapter 1.

Class scrreprt Warning: \float@addtolists detected!
(scrreprt)              Implementation of \float@addtolist became
(scrreprt)              deprecated in KOMA-Script v3.01 2008/11/14 and
(scrreprt)              has been replaced by several more flexible
(scrreprt)              features of package `tocbasic`.
(scrreprt)              Since Version 3.12 support for deprecated
(scrreprt)              \float@addtolist interface has been
(scrreprt)              restricted to only some of the KOMA-Script
(scrreprt)              features and been removed from others.
(scrreprt)              Loading of package `scrhack' may help to
(scrreprt)              avoid this warning, if you are using a
(scrreprt)              a package that still implements the
(scrreprt)              deprecated \float@addtolist interface.

LaTeX Font Info:    Font shape `TU/latinmodern-math.otf(1)/m/n' will be
(Font)              scaled to size 7.665pt on input line 256.
LaTeX Font Info:    Font shape `TU/latinmodern-math.otf(1)/m/n' will be
(Font)              scaled to size 5.475pt on input line 256.
LaTeX Font Info:    Font shape `TU/latinmodern-math.otf(2)/m/n' will be
(Font)              scaled to size 10.95099pt on input line 256.
LaTeX Font Info:    Font shape `TU/latinmodern-math.otf(2)/m/n' will be
(Font)              scaled to size 7.66568pt on input line 256.
LaTeX Font Info:    Font shape `TU/latinmodern-math.otf(2)/m/n' will be
(Font)              scaled to size 5.4755pt on input line 256.
LaTeX Font Info:    Font shape `TU/latinmodern-math.otf(3)/m/n' will be
(Font)              scaled to size 10.94882pt on input line 256.
LaTeX Font Info:    Font shape `TU/latinmodern-math.otf(3)/m/n' will be
(Font)              scaled to size 7.66417pt on input line 256.
LaTeX Font Info:    Font shape `TU/latinmodern-math.otf(3)/m/n' will be
(Font)              scaled to size 5.47441pt on input line 256.
[5

]
Underfull \hbox (badness 3128) in paragraph at lines 311--318
[]\TU/lmr/m/n/10.95 Unless data are collected through activities funded by
 []

[6]
Underfull \hbox (badness 1173) in paragraph at lines 380--388
\TU/lmr/m/n/10.95 voluntary, contribution of many scientists and data
 []


Underfull \hbox (badness 1383) in paragraph at lines 380--388
\TU/lmr/m/n/10.95 database and website maintenance require resources
 []

[7]
Underfull \hbox (badness 3128) in paragraph at lines 402--406
[]\TU/lmr/m/n/10.95 Unless data are collected through activities funded by
 []

[8] [9]
part II.
Package scrkbase Info: You've told me to use the font selection of the element
(scrkbase)             `partprefix' that is an alias of element `partnumber'
(scrkbase)              on input line 444.
[10

]
chapter 2.
[11

] [12] [13] [14]
Underfull \hbox (badness 4108) in paragraph at lines 702--707
\TU/lmr/m/n/10.95 guidance. \TU/lmtt/m/n/10.95 Chapman AD (2020) Current Best Practices
 []


Underfull \hbox (badness 10000) in paragraph at lines 702--707
\TU/lmtt/m/n/10.95 for Generalizing Sensitive Species Occurrence Data.
 []


Overfull \hbox (108.8978pt too wide) in paragraph at lines 702--707
\TU/lmtt/m/n/10.95 Copenhagen: GBIF Secretariat. https://doi.org/10.15468/doc-5jp4-5g10. 
 []

File: images/OBISdataLifeCycle.png Graphic file (type bmp)
<images/OBISdataLifeCycle.png>
[15]
Underfull \hbox (badness 1052) in paragraph at lines 785--789
\TU/lmr/m/n/10.95 international standards for biogeographic data. Without
 []

[16]
Underfull \hbox (badness 10000) in paragraph at lines 818--820

 []


Underfull \hbox (badness 10000) in paragraph at lines 828--830

 []


Underfull \hbox (badness 10000) in paragraph at lines 830--832

 []


Underfull \hbox (badness 10000) in paragraph at lines 832--834

 []


Underfull \hbox (badness 10000) in paragraph at lines 836--838

 []

[17] [18]
Underfull \hbox (badness 2418) in paragraph at lines 906--912
[]\TU/lmr/m/n/10.95 Note that OBIS currently has seven required and one
 []


Underfull \hbox (badness 10000) in paragraph at lines 906--912
\TU/lmtt/m/n/10.95 decimalLongitude\TU/lmr/m/n/10.95 , \TU/lmtt/m/n/10.95 decimalLatitude\TU/lmr/m/n/10.95 , \TU/lmtt/m/n/10.95 scientificName\TU/lmr/m/n/10.95 ,
 []


Underfull \hbox (badness 10000) in paragraph at lines 906--912
\TU/lmtt/m/n/10.95 occurrenceStatus\TU/lmr/m/n/10.95 , \TU/lmtt/m/n/10.95 basisOfRecord\TU/lmr/m/n/10.95 , \TU/lmtt/m/n/10.95 scientificNameID
 []

[19] [20] [21]
Underfull \hbox (badness 1014) in paragraph at lines 1109--1114
[]\TU/lmr/m/n/10.95 A [][]WoRMS[][] LSID should be added in \TU/lmtt/m/n/10.95 scientificNameID
 []


Underfull \hbox (badness 7273) in paragraph at lines 1127--1135
\TU/lmr/m/n/10.95 tifiers for uniquely naming biologically significant re-
 []


Underfull \hbox (badness 1509) in paragraph at lines 1127--1135
\TU/lmr/m/n/10.95 sources. More information on LSIDs can be found at
 []


Underfull \hbox (badness 1092) in paragraph at lines 1127--1135
\TU/lmr/m/n/10.95 is: urn:lsid:marinespecies.org:taxname:127160, and can be
 []

[22]
Overfull \hbox (9.94603pt too wide) in paragraph at lines 1168--1169
[]\TU/lmr/m/n/10.95 scientificName  
 []


Overfull \hbox (15.49918pt too wide) in paragraph at lines 1170--1171
[]\TU/lmr/m/n/10.95 kingdom  
 []


Overfull \hbox (10.33078pt too wide) in paragraph at lines 1172--1173
[]\TU/lmr/m/n/10.95 phylum  
 []


Overfull \hbox (92.85724pt too wide) in paragraph at lines 1180--1180
[]|\TU/lmr/m/n/10.95 urn:lsid:marinespecies.org:taxname:142004|  
 []


Overfull \hbox (17.93007pt too wide) in paragraph at lines 1180--1180
[]|\TU/lmr/m/n/10.95 Animalia|  
 []


Overfull \hbox (16.76938pt too wide) in paragraph at lines 1181--1181
[]|\TU/lmr/m/n/10.95 Mollusca|  
 []


Overfull \hbox (8.09578pt too wide) in paragraph at lines 1181--1182
[]|\TU/lmr/m/n/10.95 Bivalvia|  
 []


Overfull \hbox (92.85724pt too wide) in paragraph at lines 1182--1182
[]|\TU/lmr/m/n/10.95 urn:lsid:marinespecies.org:taxname:140584|  
 []


Overfull \hbox (17.93007pt too wide) in paragraph at lines 1182--1182
[]|\TU/lmr/m/n/10.95 Animalia|  
 []


Overfull \hbox (16.76938pt too wide) in paragraph at lines 1183--1183
[]|\TU/lmr/m/n/10.95 Mollusca|  
 []


Overfull \hbox (8.09578pt too wide) in paragraph at lines 1183--1184
[]|\TU/lmr/m/n/10.95 Bivalvia|  
 []


Overfull \hbox (92.85724pt too wide) in paragraph at lines 1184--1184
[]|\TU/lmr/m/n/10.95 urn:lsid:marinespecies.org:taxname:131573|  
 []


Overfull \hbox (17.93007pt too wide) in paragraph at lines 1185--1185
[]|\TU/lmr/m/n/10.95 Animalia|  
 []


Overfull \hbox (17.32782pt too wide) in paragraph at lines 1185--1185
[]|\TU/lmr/m/n/10.95 Annelida|  
 []


Overfull \hbox (21.47667pt too wide) in paragraph at lines 1185--1186
[]|\TU/lmr/m/n/10.95 Polychaeta|  
 []


Overfull \hbox (22.04514pt too wide) in paragraph at lines 1202--1203
[]\TU/lmr/m/n/10.95 specificEpithet  
 []


Overfull \hbox (48.34496pt too wide) in paragraph at lines 1204--1205
[]\TU/lmr/m/n/10.95 scientificNameAuthorship  
 []


Overfull \hbox (22.9083pt too wide) in paragraph at lines 1210--1210
[]|\TU/lmr/m/n/10.95 Nuculanoida|  
 []


Overfull \hbox (1.4903pt too wide) in paragraph at lines 1210--1210
[]|\TU/lmr/m/n/10.95 Yoldiella|  
 []


Overfull \hbox (11.3451pt too wide) in paragraph at lines 1211--1211
[]|\TU/lmr/m/n/10.95 Nuculoida|  
 []


Overfull \hbox (4.99431pt too wide) in paragraph at lines 1211--1211
[]|\TU/lmr/m/n/10.95 Ennucula|  
 []


Overfull \hbox (15.93314pt too wide) in paragraph at lines 1212--1212
[]|\TU/lmr/m/n/10.95 Terebellida|  
 []


Overfull \hbox (31.23727pt too wide) in paragraph at lines 1212--1212
[]|\TU/lmr/m/n/10.95 Trichobranchidae|  
 []


Overfull \hbox (16.77649pt too wide) in paragraph at lines 1212--1212
[]|\TU/lmr/m/n/10.95 Terebellides|  
 []


Overfull \hbox (63.7608pt too wide) in paragraph at lines 1234--1245
[]\TU/lmr/m/n/10.95 The use and definitions for additional ON signs (\TU/lmtt/m/n/10.95 identificationQualifier\TU/lmr/m/n/10.95 )
 []

[23]
Overfull \hbox (40.78789pt too wide) in paragraph at lines 1257--1258
[]\TU/lmr/m/n/10.95 scientificName  
 []


Overfull \hbox (67.74321pt too wide) in paragraph at lines 1259--1260
[]\TU/lmr/m/n/10.95 scientificNameAuthorship  
 []


Overfull \hbox (23.76617pt too wide) in paragraph at lines 1261--1262
[]\TU/lmr/m/n/10.95 scientificNameID  
 []


Overfull \hbox (37.80402pt too wide) in paragraph at lines 1263--1264
[]\TU/lmr/m/n/10.95 taxonRank  
 []


Overfull \hbox (69.10005pt too wide) in paragraph at lines 1265--1266
[]\TU/lmr/m/n/10.95 identificationQualifier  
 []


Overfull \hbox (29.59705pt too wide) in paragraph at lines 1267--1268
[]\TU/lmr/m/n/10.95 taxonConceptID  
 []


Overfull \hbox (6.52534pt too wide) in paragraph at lines 1273--1273
[]|\TU/lmr/m/n/10.95 Pelagia|  
 []


Overfull \hbox (145.53014pt too wide) in paragraph at lines 1274--1274
[]|\TU/lmr/m/n/10.95 urn:lsid:marinespecies.org:taxname:135262|  
 []


Overfull \hbox (11.84157pt too wide) in paragraph at lines 1274--1274
[]|\TU/lmr/m/n/10.95 genus|  
 []


Overfull \hbox (6.52534pt too wide) in paragraph at lines 1276--1276
[]|\TU/lmr/m/n/10.95 Pelagia 
 []


Overfull \hbox (145.53014pt too wide) in paragraph at lines 1277--1277
[]|\TU/lmr/m/n/10.95 urn:lsid:marinespecies.org:taxname:851656|  
 []


Overfull \hbox (17.97357pt too wide) in paragraph at lines 1277--1277
[]|\TU/lmr/m/n/10.95 species|  
 []


Overfull \hbox (2.56145pt too wide) in paragraph at lines 1279--1279
[]|\TU/lmr/m/n/10.95 Gadus|  
 []


Overfull \hbox (145.53014pt too wide) in paragraph at lines 1279--1279
[]|\TU/lmr/m/n/10.95 urn:lsid:marinespecies.org:taxname:125732|  
 []


Overfull \hbox (11.84157pt too wide) in paragraph at lines 1280--1280
[]|\TU/lmr/m/n/10.95 genus|  
 []


Overfull \hbox (15.23701pt too wide) in paragraph at lines 1280--1280
[]|\TU/lmr/m/n/10.95 cf. morhua|  
 []


Overfull \hbox (0.57954pt too wide) in paragraph at lines 1280--1281
\TU/lmr/m/n/10.95 cf. morhua|  
 []


Overfull \hbox (12.94205pt too wide) in paragraph at lines 1281--1281
[]|\TU/lmr/m/n/10.95 Polycera|  
 []


Overfull \hbox (145.53014pt too wide) in paragraph at lines 1281--1281
[]|\TU/lmr/m/n/10.95 urn:lsid:marinespecies.org:taxname:138369|  
 []


Overfull \hbox (11.84157pt too wide) in paragraph at lines 1282--1282
[]|\TU/lmr/m/n/10.95 genus|  
 []


Overfull \hbox (5.16302pt too wide) in paragraph at lines 1282--1282
[]|\TU/lmr/m/n/10.95 cf. hedg- 
 []


Overfull \hbox (8.21164pt too wide) in paragraph at lines 1283--1283
[]|\TU/lmr/m/n/10.95 Tubifex|  
 []


Overfull \hbox (145.53014pt too wide) in paragraph at lines 1283--1283
[]|\TU/lmr/m/n/10.95 urn:lsid:marinespecies.org:taxname:137392|  
 []


Overfull \hbox (11.84157pt too wide) in paragraph at lines 1284--1284
[]|\TU/lmr/m/n/10.95 genus|  
 []


Overfull \hbox (22.80804pt too wide) in paragraph at lines 1284--1285
\TU/lmr/m/n/10.95 tubifex(Mller, 
 []


Overfull \hbox (8.21164pt too wide) in paragraph at lines 1285--1285
[]|\TU/lmr/m/n/10.95 Tubifex|  
 []


Overfull \hbox (145.53014pt too wide) in paragraph at lines 1285--1285
[]|\TU/lmr/m/n/10.95 urn:lsid:marinespecies.org:taxname:137392|  
 []


Overfull \hbox (11.84157pt too wide) in paragraph at lines 1286--1286
[]|\TU/lmr/m/n/10.95 genus|  
 []


Overfull \hbox (22.80804pt too wide) in paragraph at lines 1286--1287
\TU/lmr/m/n/10.95 tubifex(Mller, 
 []


Overfull \hbox (11.48569pt too wide) in paragraph at lines 1287--1287
[]|\TU/lmr/m/n/10.95 Brisinga|  
 []


Overfull \hbox (1.74759pt too wide) in paragraph at lines 1287--1287
[]|\TU/lmr/m/n/10.95 Asbjrnsen, 
 []


Overfull \hbox (145.53014pt too wide) in paragraph at lines 1287--1288
[]|\TU/lmr/m/n/10.95 urn:lsid:marinespecies.org:taxname:123210|  
 []


Overfull \hbox (11.84157pt too wide) in paragraph at lines 1288--1288
[]|\TU/lmr/m/n/10.95 genus|  
 []


Overfull \hbox (26.54193pt too wide) in paragraph at lines 1289--1289
[]|\TU/lmr/m/n/10.95 Uroptychus 
 []


Overfull \hbox (151.00514pt too wide) in paragraph at lines 1290--1290
[]|\TU/lmr/m/n/10.95 urn:lsid:marinespecies.org:taxname:1332465|  
 []


Overfull \hbox (11.84157pt too wide) in paragraph at lines 1290--1290
[]|\TU/lmr/m/n/10.95 genus|  
 []


Overfull \hbox (5.20044pt too wide) in paragraph at lines 1291--1292
[]|\TU/lmr/m/n/10.95 Uroptychus 
 []


Overfull \hbox (26.09299pt too wide) in paragraph at lines 1292--1292
[]|\TU/lmr/m/n/10.95 Eurythenes|  
 []


Overfull \hbox (145.53014pt too wide) in paragraph at lines 1293--1293
[]|\TU/lmr/m/n/10.95 urn:lsid:marinespecies.org:taxname:101607|  
 []


Overfull \hbox (11.84157pt too wide) in paragraph at lines 1293--1293
[]|\TU/lmr/m/n/10.95 genus|  
 []


Overfull \hbox (72.25366pt too wide) in paragraph at lines 1293--1294
\TU/lmr/m/n/10.95 COLL.PAP.JC165.674|  
 []


Overfull \hbox (4.7515pt too wide) in paragraph at lines 1294--1295
[]|\TU/lmr/m/n/10.95 Eurythenes 
 []


Overfull \hbox (89.44972pt too wide) in paragraph at lines 1294--1295
\TU/lmr/m/n/10.95 sp.DISCOLL.PAP.JC165.674|  
 []


Overfull \hbox (12.06604pt too wide) in paragraph at lines 1295--1295
[]|\TU/lmr/m/n/10.95 Paroriza|  
 []


Overfull \hbox (145.53014pt too wide) in paragraph at lines 1295--1295
[]|\TU/lmr/m/n/10.95 urn:lsid:marinespecies.org:taxname:123467|  
 []


Overfull \hbox (11.84157pt too wide) in paragraph at lines 1296--1296
[]|\TU/lmr/m/n/10.95 genus|  
 []


Overfull \hbox (81.0465pt too wide) in paragraph at lines 1296--1296
[]|\TU/lmr/m/n/10.95 sp.[unique123]aff.pallens|  
 []


Overfull \hbox (33.47334pt too wide) in paragraph at lines 1296--1298
\TU/lmr/m/n/10.95 sp.[unique123]aff. 
 []


Overfull \hbox (20.45374pt too wide) in paragraph at lines 1298--1298
[]|\TU/lmr/m/n/10.95 Aristeidae|  
 []


Overfull \hbox (145.53014pt too wide) in paragraph at lines 1299--1299
[]|\TU/lmr/m/n/10.95 urn:lsid:marinespecies.org:taxname:106725|  
 []


Overfull \hbox (15.13753pt too wide) in paragraph at lines 1299--1299
[]|\TU/lmr/m/n/10.95 family|  
 []


Overfull \hbox (48.43098pt too wide) in paragraph at lines 1301--1301
[]|\TU/lmr/m/n/10.95 Nematocarcinus|  
 []


Overfull \hbox (145.53014pt too wide) in paragraph at lines 1302--1302
[]|\TU/lmr/m/n/10.95 urn:lsid:marinespecies.org:taxname:107015|  
 []


Overfull \hbox (11.84157pt too wide) in paragraph at lines 1302--1302
[]|\TU/lmr/m/n/10.95 genus|  
 []


Overfull \hbox (6.14851pt too wide) in paragraph at lines 1302--1302
[]|\TU/lmr/m/n/10.95 sp.indet.|  
 []


Overfull \hbox (27.0895pt too wide) in paragraph at lines 1303--1304
[]|\TU/lmr/m/n/10.95 Nematocarcinus 
 []


Overfull \hbox (11.48569pt too wide) in paragraph at lines 1304--1304
[]|\TU/lmr/m/n/10.95 Brisinga|  
 []


Overfull \hbox (1.74759pt too wide) in paragraph at lines 1304--1304
[]|\TU/lmr/m/n/10.95 Asbjrnsen, 
 []


Overfull \hbox (145.53014pt too wide) in paragraph at lines 1304--1305
[]|\TU/lmr/m/n/10.95 urn:lsid:marinespecies.org:taxname:123210|  
 []


Overfull \hbox (11.84157pt too wide) in paragraph at lines 1305--1305
[]|\TU/lmr/m/n/10.95 genus|  
 []


Overfull \hbox (1.82327pt too wide) in paragraph at lines 1305--1305
[]|\TU/lmr/m/n/10.95 gen.inc.|  
 []


Overfull \hbox (11.48569pt too wide) in paragraph at lines 1306--1306
[]|\TU/lmr/m/n/10.95 Brisinga 
 []


Overfull \hbox (6.1202pt too wide) in paragraph at lines 1306--1306
\TU/lmr/m/n/10.95 costata|  
 []


Overfull \hbox (140.05515pt too wide) in paragraph at lines 1307--1307
[]|\TU/lmr/m/n/10.95 urn:lsid:marinespecies.org:taxname:17825|  
 []


Overfull \hbox (17.97357pt too wide) in paragraph at lines 1307--1307
[]|\TU/lmr/m/n/10.95 species|  
 []

[24] [25]
Underfull \hbox (badness 3449) in paragraph at lines 1335--1338
[]\TU/lmr/m/n/10.95 Please take note that OBIS recommends all quantita-
 []


Underfull \hbox (badness 10000) in paragraph at lines 1346--1351
[]\TU/lmr/m/n/10.95 Both \TU/lmtt/m/n/10.95 associatedMedia\TU/lmr/m/n/10.95 , \TU/lmtt/m/n/10.95 associatedReferences \TU/lmr/m/n/10.95 and
 []


Underfull \hbox (badness 10000) in paragraph at lines 1346--1351
\TU/lmtt/m/n/10.95 associatedSequences \TU/lmr/m/n/10.95 are global unique identifiers or
 []


Overfull \hbox (6.10262pt too wide) in paragraph at lines 1379--1380
[]\TU/lmr/m/n/10.95 collectionCode  
 []


Overfull \hbox (43.18954pt too wide) in paragraph at lines 1385--1386
[]\TU/lmr/m/n/10.95 occurrenceStatus  
 []


Overfull \hbox (89.91388pt too wide) in paragraph at lines 1391--1391
[]|\TU/lmr/m/n/10.95 SluiceDock_benthic_1976/1981|  
 []


Overfull \hbox (59.25345pt too wide) in paragraph at lines 1391--1391
[]|\TU/lmr/m/n/10.95 SluiceDock_benthic_1976_1|  
 []


Overfull \hbox (59.25345pt too wide) in paragraph at lines 1392--1392
[]|\TU/lmr/m/n/10.95 SluiceDock_benthic_1976_1|  
 []


Overfull \hbox (89.91388pt too wide) in paragraph at lines 1393--1393
[]|\TU/lmr/m/n/10.95 SluiceDock_benthic_1976/1981|  
 []


Overfull \hbox (59.25345pt too wide) in paragraph at lines 1393--1393
[]|\TU/lmr/m/n/10.95 SluiceDock_benthic_1976_2|  
 []


Overfull \hbox (59.25345pt too wide) in paragraph at lines 1394--1394
[]|\TU/lmr/m/n/10.95 SluiceDock_benthic_1976_2|  
 []


Overfull \hbox (89.91388pt too wide) in paragraph at lines 1395--1395
[]|\TU/lmr/m/n/10.95 SluiceDock_benthic_1976/1981|  
 []


Overfull \hbox (49.2123pt too wide) in paragraph at lines 1395--1396
[]|\TU/lmr/m/n/10.95 SluiceDock_benthic_1979- 
 []


Overfull \hbox (49.2123pt too wide) in paragraph at lines 1396--1396
[]|\TU/lmr/m/n/10.95 SluiceDock_benthic_1979- 
 []

[26]
Underfull \hbox (badness 2772) in paragraph at lines 1434--1444
[]\TU/lmr/m/n/10.95 When the basisOfRecord is either a \TU/lmr/m/it/10.95 preservedSpecimen\TU/lmr/m/n/10.95 ,
 []


Underfull \hbox (badness 5431) in paragraph at lines 1434--1444
\TU/lmr/m/it/10.95 LivingSpecimen \TU/lmr/m/n/10.95 or \TU/lmr/m/it/10.95 FossilSpecimen \TU/lmr/m/n/10.95 please also add the
 []


Underfull \hbox (badness 5533) in paragraph at lines 1434--1444
\TU/lmtt/m/n/10.95 institutionCode\TU/lmr/m/n/10.95 , \TU/lmtt/m/n/10.95 collectionCode \TU/lmr/m/n/10.95 and \TU/lmtt/m/n/10.95 catalogNumber\TU/lmr/m/n/10.95 ,
 []

[27]
Underfull \hbox (badness 3029) in paragraph at lines 1488--1496
\TU/lmr/m/n/10.95 in \TU/lmtt/m/n/10.95 geodeticDatum \TU/lmr/m/n/10.95 is [][]EPSG:4326[][]. Coordinates in de-
 []

[28] [29]
Overfull \hbox (47.12169pt too wide) in paragraph at lines 1560--1561
[]\TU/lmr/m/n/10.95 decimalLatitude  
 []


Overfull \hbox (52.66235pt too wide) in paragraph at lines 1562--1563
[]\TU/lmr/m/n/10.95 decimalLongitude  
 []


Overfull \hbox (45.83318pt too wide) in paragraph at lines 1564--1565
[]\TU/lmr/m/n/10.95 geodeticDatum  
 []


Overfull \hbox (94.29803pt too wide) in paragraph at lines 1566--1567
[]\TU/lmr/m/n/10.95 coordinateUncertaintyInMeters  
 []


Overfull \hbox (0.5479pt too wide) in paragraph at lines 1568--1569
[]\TU/lmr/m/n/10.95 footprintWKT  
 []


Overfull \hbox (37.62071pt too wide) in paragraph at lines 1570--1571
[]\TU/lmr/m/n/10.95 footprintSRS  
 []


Overfull \hbox (27.83138pt too wide) in paragraph at lines 1576--1576
[]|\TU/lmr/m/n/10.95 EPSG:4326|  
 []


Overfull \hbox (29.59436pt too wide) in paragraph at lines 1577--1578
[]|\TU/lmr/m/n/10.95 EPSG:4326|  
 []


Overfull \hbox (27.83138pt too wide) in paragraph at lines 1578--1578
[]|\TU/lmr/m/n/10.95 EPSG:4326|  
 []


Overfull \hbox (29.59436pt too wide) in paragraph at lines 1579--1580
[]|\TU/lmr/m/n/10.95 EPSG:4326|  
 []


Overfull \hbox (27.83138pt too wide) in paragraph at lines 1580--1580
[]|\TU/lmr/m/n/10.95 EPSG:4326|  
 []


Overfull \hbox (29.59436pt too wide) in paragraph at lines 1581--1582
[]|\TU/lmr/m/n/10.95 EPSG:4326|  
 []


Underfull \hbox (badness 1509) in paragraph at lines 1590--1612
\TU/lmr/m/n/10.95 which the \TU/lmr/bx/n/10.95 sample was taken \TU/lmr/m/n/10.95 and not the water col-
 []


Underfull \hbox (badness 10000) in paragraph at lines 1590--1612
\TU/lmr/m/n/10.95 fields (\TU/lmtt/m/n/10.95 minimumDepthInMeters\TU/lmr/m/n/10.95 , \TU/lmtt/m/n/10.95 maximumDepthInMeters\TU/lmr/m/n/10.95 ,
 []


Overfull \hbox (136.80058pt too wide) in paragraph at lines 1590--1612
[][]\TU/lmtt/m/n/10.95 minimumDistanceAboveSurfaceInMeters[][]\TU/lmr/m/n/10.95 , and [][]\TU/lmtt/m/n/10.95 maximumDistanceAboveSurfaceInMeters[][]\TU/lmr/m/n/10.95 ),
 []


Underfull \hbox (badness 1117) in paragraph at lines 1590--1612
\TU/lmr/m/n/10.95 4 in the figure below), providing \TU/lmtt/m/n/10.95 minimumDepthInMeters
 []


Underfull \hbox (badness 10000) in paragraph at lines 1590--1612
\TU/lmr/m/n/10.95 and \TU/lmtt/m/n/10.95 maximumDepthInMeters \TU/lmr/m/n/10.95 is sufficient for observa-
 []


Underfull \hbox (badness 2351) in paragraph at lines 1590--1612
\TU/lmr/m/n/10.95 tions of organisms at particular depths. However, in
 []


Underfull \hbox (badness 5175) in paragraph at lines 1590--1612
\TU/lmr/m/n/10.95 cases where an occurrence is above the sea surface,
 []


Overfull \hbox (112.45872pt too wide) in paragraph at lines 1590--1612
\TU/lmtt/m/n/10.95 minimumDistanceAboveSurfaceInMeters\TU/lmr/m/n/10.95 , \TU/lmtt/m/n/10.95 maximumDistanceAboveSurfaceInMeters\TU/lmr/m/n/10.95 ,
 []


Overfull \hbox (46.77194pt too wide) in paragraph at lines 1590--1612
\TU/lmr/m/n/10.95 and, where relevant, you should also include [][]\TU/lmtt/m/n/10.95 minimumElevationInMeters[][]
 []


Overfull \hbox (147.49655pt too wide) in paragraph at lines 1613--1622
[]\TU/lmr/m/n/10.95 The \TU/lmtt/m/n/10.95 minimumDistanceAboveSurfaceInMeters \TU/lmr/m/n/10.95 and \TU/lmtt/m/n/10.95 maximumDistanceAboveSurfaceInMeters
 []

[30]
File: images/Depth-figure-updated.png Graphic file (type bmp)
<images/Depth-figure-updated.png>

Overfull \hbox (10.94464pt too wide) in paragraph at lines 1623--1624
[][] 
 []


Overfull \hbox (26.35579pt too wide) in paragraph at lines 1637--1638
[]\TU/lmr/m/n/10.95 Scenario  
 []


Overfull \hbox (87.25645pt too wide) in paragraph at lines 1639--1640
[]\TU/lmr/m/n/10.95 minimumDepthInMeters  
 []


Overfull \hbox (89.38074pt too wide) in paragraph at lines 1641--1642
[]\TU/lmr/m/n/10.95 maximumDepthInMeters  
 []


Overfull \hbox (143.24794pt too wide) in paragraph at lines 1643--1644
[]\TU/lmr/m/n/10.95 minimumDistanceAboveSurfaceInMeters  
 []


Overfull \hbox (145.37224pt too wide) in paragraph at lines 1645--1646
[]\TU/lmr/m/n/10.95 maximumDistanceAboveSurfaceInMeters  
 []


Overfull \hbox (107.97336pt too wide) in paragraph at lines 1647--1648
[]\TU/lmr/m/n/10.95 minimumElevationInMeters  
 []


Overfull \hbox (110.09766pt too wide) in paragraph at lines 1649--1650
[]\TU/lmr/m/n/10.95 maximumElevationInMeters  
 []

[31] [32] [33] [34]
Underfull \hbox (badness 10000) in paragraph at lines 1837--1840
[]\TU/lmr/m/n/10.95 organism quantifications (e.g. counts, abundance,
 []


Underfull \hbox (badness 2012) in paragraph at lines 1878--1888
[]\TU/lmr/m/n/10.95 Including information on habitats (biological community,
 []

[35]
Underfull \hbox (badness 3138) in paragraph at lines 1896--1901
\TU/lmr/m/n/10.95 dard for combined marine biological and environ-
 []


Underfull \hbox (badness 2469) in paragraph at lines 1896--1901
\TU/lmr/m/n/10.95 mental datasets - expanding OBIS beyond species
 []


Underfull \hbox (badness 1009) in paragraph at lines 1896--1901
\TU/lmr/m/n/10.95 occurrences. Biodiversity Data Journal 5: e10989.
 []

[36] [37]
File: images/relationalDB-updated.png Graphic file (type bmp)
<images/relationalDB-updated.png>
[38]
File: images/OBIS-sampling-schema-example-update.png Graphic file (type bmp)
<images/OBIS-sampling-schema-example-update.png>
[39] [40]
Underfull \hbox (badness 1270) in paragraph at lines 2097--2102
[]\TU/lmtt/m/n/10.95 creator \TU/lmr/m/n/10.95 ; \TU/lmtt/m/n/10.95 metadataProvider \TU/lmr/m/n/10.95 ; \TU/lmtt/m/n/10.95 associatedParty \TU/lmr/m/n/10.95 ;
 []


Underfull \hbox (badness 1024) in paragraph at lines 2097--2102
\TU/lmtt/m/n/10.95 contact \TU/lmr/m/n/10.95 : These are the people and organizations
 []


Underfull \hbox (badness 10000) in paragraph at lines 2138--2140

 []

[41]

! LaTeX Error: Too deeply nested.

See the LaTeX manual or LaTeX Companion for explanation.
Type  H <return>  for immediate help.
 ...                                              
                                                  
l.2232         \begin{itemize}
                               
Here is how much of TeX's memory you used:
 36464 strings out of 476934
 758267 string characters out of 5805977
 1938161 words of memory out of 5000000
 57802 multiletter control sequences out of 15000+600000
 564508 words of font info for 87 fonts, out of 8000000 for 9000
 14 hyphenation exceptions out of 8191
 108i,8n,120p,10900b,916s stack positions out of 10000i,1000n,20000p,200000b,200000s

Output written on index.pdf (41 pages).
